

Started GET "/" for 127.0.0.1 at 2014-07-01 17:11:33 -0500

ActiveRecord::PendingMigrationError (Migrations are pending; run 'bin/rake db:migrate RAILS_ENV=development' to resolve this issue.):
  activerecord (4.0.5) lib/active_record/migration.rb:383:in `check_pending!'
  activerecord (4.0.5) lib/active_record/migration.rb:370:in `call'
  actionpack (4.0.5) lib/action_dispatch/middleware/callbacks.rb:29:in `block in call'
  activesupport (4.0.5) lib/active_support/callbacks.rb:373:in `_run__1161333832236431840__call__callbacks'
  activesupport (4.0.5) lib/active_support/callbacks.rb:80:in `run_callbacks'
  actionpack (4.0.5) lib/action_dispatch/middleware/callbacks.rb:27:in `call'
  actionpack (4.0.5) lib/action_dispatch/middleware/reloader.rb:64:in `call'
  actionpack (4.0.5) lib/action_dispatch/middleware/remote_ip.rb:76:in `call'
  actionpack (4.0.5) lib/action_dispatch/middleware/debug_exceptions.rb:17:in `call'
  actionpack (4.0.5) lib/action_dispatch/middleware/show_exceptions.rb:30:in `call'
  railties (4.0.5) lib/rails/rack/logger.rb:38:in `call_app'
  railties (4.0.5) lib/rails/rack/logger.rb:20:in `block in call'
  activesupport (4.0.5) lib/active_support/tagged_logging.rb:68:in `block in tagged'
  activesupport (4.0.5) lib/active_support/tagged_logging.rb:26:in `tagged'
  activesupport (4.0.5) lib/active_support/tagged_logging.rb:68:in `tagged'
  railties (4.0.5) lib/rails/rack/logger.rb:20:in `call'
  actionpack (4.0.5) lib/action_dispatch/middleware/request_id.rb:21:in `call'
  rack (1.5.2) lib/rack/methodoverride.rb:21:in `call'
  rack (1.5.2) lib/rack/runtime.rb:17:in `call'
  activesupport (4.0.5) lib/active_support/cache/strategy/local_cache.rb:83:in `call'
  rack (1.5.2) lib/rack/lock.rb:17:in `call'
  actionpack (4.0.5) lib/action_dispatch/middleware/static.rb:64:in `call'
  rack (1.5.2) lib/rack/sendfile.rb:112:in `call'
  railties (4.0.5) lib/rails/engine.rb:511:in `call'
  railties (4.0.5) lib/rails/application.rb:97:in `call'
  rack (1.5.2) lib/rack/lock.rb:17:in `call'
  rack (1.5.2) lib/rack/content_length.rb:14:in `call'
  rack (1.5.2) lib/rack/handler/webrick.rb:60:in `service'
  /Users/abr/.rvm/rubies/ruby-2.0.0-p451/lib/ruby/2.0.0/webrick/httpserver.rb:138:in `service'
  /Users/abr/.rvm/rubies/ruby-2.0.0-p451/lib/ruby/2.0.0/webrick/httpserver.rb:94:in `run'
  /Users/abr/.rvm/rubies/ruby-2.0.0-p451/lib/ruby/2.0.0/webrick/server.rb:295:in `block in start_thread'


  Rendered /Users/abr/.rvm/gems/ruby-2.0.0-p451/gems/actionpack-4.0.5/lib/action_dispatch/middleware/templates/rescues/_source.erb (0.7ms)
  Rendered /Users/abr/.rvm/gems/ruby-2.0.0-p451/gems/actionpack-4.0.5/lib/action_dispatch/middleware/templates/rescues/_trace.erb (1.3ms)
  Rendered /Users/abr/.rvm/gems/ruby-2.0.0-p451/gems/actionpack-4.0.5/lib/action_dispatch/middleware/templates/rescues/_request_and_response.erb (1.0ms)
  Rendered /Users/abr/.rvm/gems/ruby-2.0.0-p451/gems/actionpack-4.0.5/lib/action_dispatch/middleware/templates/rescues/diagnostics.erb within rescues/layout (23.6ms)
  [1m[36m (1.0ms)[0m  [1mCREATE TABLE "schema_migrations" ("version" varchar(255) NOT NULL) [0m
  [1m[35m (1.0ms)[0m  CREATE UNIQUE INDEX "unique_schema_migrations" ON "schema_migrations" ("version")
  [1m[36mActiveRecord::SchemaMigration Load (0.2ms)[0m  [1mSELECT "schema_migrations".* FROM "schema_migrations"[0m
Migrating to CreateUsers (20140621004813)
  [1m[35m (0.1ms)[0m  begin transaction
  [1m[36m (0.5ms)[0m  [1mCREATE TABLE "users" ("id" INTEGER PRIMARY KEY AUTOINCREMENT NOT NULL, "name" varchar(255), "lastname" varchar(255), "password_digest" varchar(255), "permissions" integer, "created_at" datetime, "updated_at" datetime) [0m
  [1m[35mSQL (0.3ms)[0m  INSERT INTO "schema_migrations" ("version") VALUES (?)  [["version", "20140621004813"]]
  [1m[36m (1.3ms)[0m  [1mcommit transaction[0m
Migrating to CreateBrands (20140630232112)
  [1m[35m (0.2ms)[0m  begin transaction
  [1m[36m (0.8ms)[0m  [1mCREATE TABLE "brands" ("id" INTEGER PRIMARY KEY AUTOINCREMENT NOT NULL, "name" varchar(255), "created_at" datetime, "updated_at" datetime) [0m
  [1m[35mSQL (0.2ms)[0m  INSERT INTO "schema_migrations" ("version") VALUES (?)  [["version", "20140630232112"]]
  [1m[36m (0.9ms)[0m  [1mcommit transaction[0m
Migrating to CreateCars (20140630232243)
  [1m[35m (0.1ms)[0m  begin transaction
  [1m[36m (0.4ms)[0m  [1mCREATE TABLE "cars" ("id" INTEGER PRIMARY KEY AUTOINCREMENT NOT NULL, "carType" varchar(255), "year" varchar(255), "generation" varchar(255), "model" varchar(255), "brand_id" integer, "created_at" datetime, "updated_at" datetime) [0m
  [1m[35mSQL (0.2ms)[0m  INSERT INTO "schema_migrations" ("version") VALUES (?)  [["version", "20140630232243"]]
  [1m[36m (1.5ms)[0m  [1mcommit transaction[0m
Migrating to CreateWorkshopCars (20140630232600)
  [1m[35m (0.2ms)[0m  begin transaction
  [1m[36m (0.7ms)[0m  [1mCREATE TABLE "workshop_cars" ("id" INTEGER PRIMARY KEY AUTOINCREMENT NOT NULL, "color" varchar(255), "doorNumber" integer, "status" varchar(255), "idSerie" varchar(255), "idMotor" varchar(255), "licensePlates" varchar(255), "car_id" integer, "created_at" datetime, "updated_at" datetime) [0m
  [1m[35mSQL (0.3ms)[0m  INSERT INTO "schema_migrations" ("version") VALUES (?)  [["version", "20140630232600"]]
  [1m[36m (1.0ms)[0m  [1mcommit transaction[0m
Migrating to CreateStockSpareParts (20140630233011)
  [1m[35m (0.2ms)[0m  begin transaction
  [1m[36m (0.8ms)[0m  [1mCREATE TABLE "stock_spare_parts" ("id" INTEGER PRIMARY KEY AUTOINCREMENT NOT NULL, "status" varchar(255), "workshop_car_id" integer, "spare_part_id" integer, "created_at" datetime, "updated_at" datetime) [0m
  [1m[35mSQL (0.2ms)[0m  INSERT INTO "schema_migrations" ("version") VALUES (?)  [["version", "20140630233011"]]
  [1m[36m (1.1ms)[0m  [1mcommit transaction[0m
Migrating to CreateSpareParts (20140630233130)
  [1m[35m (0.1ms)[0m  begin transaction
  [1m[36m (0.4ms)[0m  [1mCREATE TABLE "spare_parts" ("id" INTEGER PRIMARY KEY AUTOINCREMENT NOT NULL, "name" varchar(255), "description" text, "carRegion" varchar(255), "parent_id" integer, "created_at" datetime, "updated_at" datetime) [0m
  [1m[35mSQL (0.2ms)[0m  INSERT INTO "schema_migrations" ("version") VALUES (?)  [["version", "20140630233130"]]
  [1m[36m (1.0ms)[0m  [1mcommit transaction[0m
Migrating to CreateWarehouses (20140630233334)
  [1m[35m (0.1ms)[0m  begin transaction
  [1m[36m (0.5ms)[0m  [1mCREATE TABLE "warehouses" ("id" INTEGER PRIMARY KEY AUTOINCREMENT NOT NULL, "branch" varchar(255), "location" varchar(255), "geolocation" varchar(255), "created_at" datetime, "updated_at" datetime) [0m
  [1m[35mSQL (0.3ms)[0m  INSERT INTO "schema_migrations" ("version") VALUES (?)  [["version", "20140630233334"]]
  [1m[36m (1.3ms)[0m  [1mcommit transaction[0m
Migrating to CreateCarSparePart (20140701000951)
  [1m[35m (0.1ms)[0m  begin transaction
  [1m[36m (0.5ms)[0m  [1mCREATE TABLE "cars_spare_parts" ("id_car" integer, "id_spare_part" integer) [0m
  [1m[35mSQL (0.5ms)[0m  INSERT INTO "schema_migrations" ("version") VALUES (?)  [["version", "20140701000951"]]
  [1m[36m (1.6ms)[0m  [1mcommit transaction[0m
  [1m[35mActiveRecord::SchemaMigration Load (0.2ms)[0m  SELECT "schema_migrations".* FROM "schema_migrations"


Started GET "/" for 127.0.0.1 at 2014-07-01 17:15:09 -0500
  [1m[36mActiveRecord::SchemaMigration Load (0.1ms)[0m  [1mSELECT "schema_migrations".* FROM "schema_migrations"[0m
Processing by StaticPagesController#index as HTML
  Rendered static_pages/index.html.erb within layouts/application (1.6ms)
Warning. Error encountered while saving cache 88ed0410696e5f59b522c0423d079ab7b3e061be/cars.css.scssc: can't dump anonymous class #<Class:0x007fd584209570>

Warning. Error encountered while saving cache 88ed0410696e5f59b522c0423d079ab7b3e061be/custom.css.scssc: can't dump anonymous class #<Class:0x007fd584209570>

Warning. Error encountered while saving cache d9acc0ccbd74c52418000659a0b2b890e65ea506/bootstrap.scssc: can't dump anonymous class #<Class:0x007fd584209570>

Warning. Error encountered while saving cache b58d540fbdebe53f6a3a70f5bc29ba8d963b35ac/bootstrap.scssc: can't dump anonymous class #<Class:0x007fd584209570>

Warning. Error encountered while saving cache b58d540fbdebe53f6a3a70f5bc29ba8d963b35ac/_variables.scssc: can't dump anonymous class #<Class:0x007fd584209570>

Warning. Error encountered while saving cache b58d540fbdebe53f6a3a70f5bc29ba8d963b35ac/_mixins.scssc: can't dump anonymous class #<Class:0x007fd584209570>

Warning. Error encountered while saving cache b58d540fbdebe53f6a3a70f5bc29ba8d963b35ac/_reset.scssc: can't dump anonymous class #<Class:0x007fd584209570>

Warning. Error encountered while saving cache b58d540fbdebe53f6a3a70f5bc29ba8d963b35ac/_scaffolding.scssc: can't dump anonymous class #<Class:0x007fd584209570>

Warning. Error encountered while saving cache b58d540fbdebe53f6a3a70f5bc29ba8d963b35ac/_grid.scssc: can't dump anonymous class #<Class:0x007fd584209570>

Warning. Error encountered while saving cache b58d540fbdebe53f6a3a70f5bc29ba8d963b35ac/_layouts.scssc: can't dump anonymous class #<Class:0x007fd584209570>

Warning. Error encountered while saving cache b58d540fbdebe53f6a3a70f5bc29ba8d963b35ac/_type.scssc: can't dump anonymous class #<Class:0x007fd584209570>

Warning. Error encountered while saving cache b58d540fbdebe53f6a3a70f5bc29ba8d963b35ac/_code.scssc: can't dump anonymous class #<Class:0x007fd584209570>

Warning. Error encountered while saving cache b58d540fbdebe53f6a3a70f5bc29ba8d963b35ac/_forms.scssc: can't dump anonymous class #<Class:0x007fd584209570>

Warning. Error encountered while saving cache b58d540fbdebe53f6a3a70f5bc29ba8d963b35ac/_tables.scssc: can't dump anonymous class #<Class:0x007fd584209570>

Warning. Error encountered while saving cache b58d540fbdebe53f6a3a70f5bc29ba8d963b35ac/_sprites.scssc: can't dump anonymous class #<Class:0x007fd584209570>

Warning. Error encountered while saving cache b58d540fbdebe53f6a3a70f5bc29ba8d963b35ac/_dropdowns.scssc: can't dump anonymous class #<Class:0x007fd584209570>

Warning. Error encountered while saving cache b58d540fbdebe53f6a3a70f5bc29ba8d963b35ac/_wells.scssc: can't dump anonymous class #<Class:0x007fd584209570>

Warning. Error encountered while saving cache b58d540fbdebe53f6a3a70f5bc29ba8d963b35ac/_component-animations.scssc: can't dump anonymous class #<Class:0x007fd584209570>

Warning. Error encountered while saving cache b58d540fbdebe53f6a3a70f5bc29ba8d963b35ac/_close.scssc: can't dump anonymous class #<Class:0x007fd584209570>

Warning. Error encountered while saving cache b58d540fbdebe53f6a3a70f5bc29ba8d963b35ac/_buttons.scssc: can't dump anonymous class #<Class:0x007fd584209570>

Warning. Error encountered while saving cache b58d540fbdebe53f6a3a70f5bc29ba8d963b35ac/_button-groups.scssc: can't dump anonymous class #<Class:0x007fd584209570>

Warning. Error encountered while saving cache b58d540fbdebe53f6a3a70f5bc29ba8d963b35ac/_alerts.scssc: can't dump anonymous class #<Class:0x007fd584209570>

Warning. Error encountered while saving cache b58d540fbdebe53f6a3a70f5bc29ba8d963b35ac/_navs.scssc: can't dump anonymous class #<Class:0x007fd584209570>

Warning. Error encountered while saving cache b58d540fbdebe53f6a3a70f5bc29ba8d963b35ac/_navbar.scssc: can't dump anonymous class #<Class:0x007fd584209570>

Warning. Error encountered while saving cache b58d540fbdebe53f6a3a70f5bc29ba8d963b35ac/_breadcrumbs.scssc: can't dump anonymous class #<Class:0x007fd584209570>

Warning. Error encountered while saving cache b58d540fbdebe53f6a3a70f5bc29ba8d963b35ac/_pagination.scssc: can't dump anonymous class #<Class:0x007fd584209570>

Warning. Error encountered while saving cache b58d540fbdebe53f6a3a70f5bc29ba8d963b35ac/_pager.scssc: can't dump anonymous class #<Class:0x007fd584209570>

Warning. Error encountered while saving cache b58d540fbdebe53f6a3a70f5bc29ba8d963b35ac/_modals.scssc: can't dump anonymous class #<Class:0x007fd584209570>

Warning. Error encountered while saving cache b58d540fbdebe53f6a3a70f5bc29ba8d963b35ac/_tooltip.scssc: can't dump anonymous class #<Class:0x007fd584209570>

Warning. Error encountered while saving cache b58d540fbdebe53f6a3a70f5bc29ba8d963b35ac/_popovers.scssc: can't dump anonymous class #<Class:0x007fd584209570>

Warning. Error encountered while saving cache b58d540fbdebe53f6a3a70f5bc29ba8d963b35ac/_thumbnails.scssc: can't dump anonymous class #<Class:0x007fd584209570>

Warning. Error encountered while saving cache b58d540fbdebe53f6a3a70f5bc29ba8d963b35ac/_media.scssc: can't dump anonymous class #<Class:0x007fd584209570>

Warning. Error encountered while saving cache b58d540fbdebe53f6a3a70f5bc29ba8d963b35ac/_labels-badges.scssc: can't dump anonymous class #<Class:0x007fd584209570>

Warning. Error encountered while saving cache b58d540fbdebe53f6a3a70f5bc29ba8d963b35ac/_progress-bars.scssc: can't dump anonymous class #<Class:0x007fd584209570>

Warning. Error encountered while saving cache b58d540fbdebe53f6a3a70f5bc29ba8d963b35ac/_accordion.scssc: can't dump anonymous class #<Class:0x007fd584209570>

Warning. Error encountered while saving cache b58d540fbdebe53f6a3a70f5bc29ba8d963b35ac/_carousel.scssc: can't dump anonymous class #<Class:0x007fd584209570>

Warning. Error encountered while saving cache b58d540fbdebe53f6a3a70f5bc29ba8d963b35ac/_hero-unit.scssc: can't dump anonymous class #<Class:0x007fd584209570>

Warning. Error encountered while saving cache b58d540fbdebe53f6a3a70f5bc29ba8d963b35ac/_utilities.scssc: can't dump anonymous class #<Class:0x007fd584209570>

Warning. Error encountered while saving cache 88ed0410696e5f59b522c0423d079ab7b3e061be/spare_parts.css.scssc: can't dump anonymous class #<Class:0x007fd584209570>

Warning. Error encountered while saving cache 88ed0410696e5f59b522c0423d079ab7b3e061be/static_pages.css.scssc: can't dump anonymous class #<Class:0x007fd584209570>

Warning. Error encountered while saving cache 88ed0410696e5f59b522c0423d079ab7b3e061be/users.css.scssc: can't dump anonymous class #<Class:0x007fd584209570>

Completed 200 OK in 3384ms (Views: 3383.0ms | ActiveRecord: 0.0ms)


Started GET "/" for 127.0.0.1 at 2014-07-01 17:15:13 -0500
Processing by StaticPagesController#index as HTML
  Rendered static_pages/index.html.erb within layouts/application (0.9ms)
Completed 200 OK in 16ms (Views: 15.1ms | ActiveRecord: 0.0ms)


Started GET "/assets/application.css?body=1" for 127.0.0.1 at 2014-07-01 17:15:13 -0500


Started GET "/assets/cars.css?body=1" for 127.0.0.1 at 2014-07-01 17:15:13 -0500


Started GET "/assets/custom.css?body=1" for 127.0.0.1 at 2014-07-01 17:15:13 -0500


Started GET "/assets/spare_parts.css?body=1" for 127.0.0.1 at 2014-07-01 17:15:13 -0500


Started GET "/assets/static_pages.css?body=1" for 127.0.0.1 at 2014-07-01 17:15:13 -0500


Started GET "/assets/users.css?body=1" for 127.0.0.1 at 2014-07-01 17:15:13 -0500


Started GET "/assets/jquery.js?body=1" for 127.0.0.1 at 2014-07-01 17:15:13 -0500


Started GET "/assets/jquery_ujs.js?body=1" for 127.0.0.1 at 2014-07-01 17:15:13 -0500


Started GET "/assets/cars.js?body=1" for 127.0.0.1 at 2014-07-01 17:15:13 -0500


Started GET "/assets/turbolinks.js?body=1" for 127.0.0.1 at 2014-07-01 17:15:13 -0500


Started GET "/assets/spare_parts.js?body=1" for 127.0.0.1 at 2014-07-01 17:15:13 -0500


Started GET "/assets/static_pages.js?body=1" for 127.0.0.1 at 2014-07-01 17:15:13 -0500


Started GET "/assets/users.js?body=1" for 127.0.0.1 at 2014-07-01 17:15:13 -0500


Started GET "/assets/application.js?body=1" for 127.0.0.1 at 2014-07-01 17:15:13 -0500


Started GET "/spare_parts/new" for 127.0.0.1 at 2014-07-01 17:15:16 -0500
Processing by SparePartsController#new as HTML
  Rendered shared/_errors_messages.html.erb (2.3ms)
  Rendered spare_parts/_form.html.erb (19.1ms)
  Rendered spare_parts/new.html.erb within layouts/application (24.0ms)
Completed 500 Internal Server Error in 75ms

ActionView::Template::Error (undefined method `brand' for #<SparePart:0x007fd5848192a8>):
    3: 
    4:     <div class="form-group">
    5:       <!-- <%= f.label :brand, "Marca" %> -->
    6:       <%= f.text_field :brand, :placeholder => "Marca", :class => 'form-control' %>
    7:     </div>
    8: 
    9:     <div class="form-group">
  app/views/spare_parts/_form.html.erb:6:in `block in _app_views_spare_parts__form_html_erb__2551983975897975729_70277502755320'
  app/views/spare_parts/_form.html.erb:1:in `_app_views_spare_parts__form_html_erb__2551983975897975729_70277502755320'
  app/views/spare_parts/new.html.erb:3:in `_app_views_spare_parts_new_html_erb__3777471778812540929_70277514248560'


  Rendered /Users/abr/.rvm/gems/ruby-2.0.0-p451/gems/actionpack-4.0.5/lib/action_dispatch/middleware/templates/rescues/_trace.erb (1.7ms)
  Rendered /Users/abr/.rvm/gems/ruby-2.0.0-p451/gems/actionpack-4.0.5/lib/action_dispatch/middleware/templates/rescues/_request_and_response.erb (1.3ms)
  Rendered /Users/abr/.rvm/gems/ruby-2.0.0-p451/gems/actionpack-4.0.5/lib/action_dispatch/middleware/templates/rescues/template_error.erb within rescues/layout (17.8ms)


Started GET "/spare_parts/new" for 127.0.0.1 at 2014-07-01 17:15:17 -0500
Processing by SparePartsController#new as HTML
  Rendered shared/_errors_messages.html.erb (0.4ms)
  Rendered spare_parts/_form.html.erb (3.8ms)
  Rendered spare_parts/new.html.erb within layouts/application (4.9ms)
Completed 500 Internal Server Error in 8ms

ActionView::Template::Error (undefined method `brand' for #<SparePart:0x007fd5845967b0>):
    3: 
    4:     <div class="form-group">
    5:       <!-- <%= f.label :brand, "Marca" %> -->
    6:       <%= f.text_field :brand, :placeholder => "Marca", :class => 'form-control' %>
    7:     </div>
    8: 
    9:     <div class="form-group">
  app/views/spare_parts/_form.html.erb:6:in `block in _app_views_spare_parts__form_html_erb__2551983975897975729_70277512622780'
  app/views/spare_parts/_form.html.erb:1:in `_app_views_spare_parts__form_html_erb__2551983975897975729_70277512622780'
  app/views/spare_parts/new.html.erb:3:in `_app_views_spare_parts_new_html_erb__3777471778812540929_70277512602300'


  Rendered /Users/abr/.rvm/gems/ruby-2.0.0-p451/gems/actionpack-4.0.5/lib/action_dispatch/middleware/templates/rescues/_trace.erb (1.3ms)
  Rendered /Users/abr/.rvm/gems/ruby-2.0.0-p451/gems/actionpack-4.0.5/lib/action_dispatch/middleware/templates/rescues/_request_and_response.erb (1.1ms)
  Rendered /Users/abr/.rvm/gems/ruby-2.0.0-p451/gems/actionpack-4.0.5/lib/action_dispatch/middleware/templates/rescues/template_error.erb within rescues/layout (12.1ms)


Started GET "/" for 127.0.0.1 at 2014-07-01 17:16:46 -0500
Processing by StaticPagesController#index as HTML
  Rendered static_pages/index.html.erb within layouts/application (0.7ms)
Completed 200 OK in 11ms (Views: 10.1ms | ActiveRecord: 0.0ms)


Started GET "/assets/application.css?body=1" for 127.0.0.1 at 2014-07-01 17:16:46 -0500


Started GET "/assets/cars.css?body=1" for 127.0.0.1 at 2014-07-01 17:16:46 -0500


Started GET "/assets/custom.css?body=1" for 127.0.0.1 at 2014-07-01 17:16:46 -0500


Started GET "/assets/spare_parts.css?body=1" for 127.0.0.1 at 2014-07-01 17:16:46 -0500


Started GET "/assets/static_pages.css?body=1" for 127.0.0.1 at 2014-07-01 17:16:46 -0500


Started GET "/assets/users.css?body=1" for 127.0.0.1 at 2014-07-01 17:16:46 -0500


Started GET "/assets/jquery_ujs.js?body=1" for 127.0.0.1 at 2014-07-01 17:16:46 -0500


Started GET "/assets/jquery.js?body=1" for 127.0.0.1 at 2014-07-01 17:16:46 -0500


Started GET "/assets/spare_parts.js?body=1" for 127.0.0.1 at 2014-07-01 17:16:46 -0500


Started GET "/assets/cars.js?body=1" for 127.0.0.1 at 2014-07-01 17:16:46 -0500


Started GET "/assets/turbolinks.js?body=1" for 127.0.0.1 at 2014-07-01 17:16:46 -0500


Started GET "/assets/users.js?body=1" for 127.0.0.1 at 2014-07-01 17:16:46 -0500


Started GET "/assets/static_pages.js?body=1" for 127.0.0.1 at 2014-07-01 17:16:46 -0500


Started GET "/assets/application.js?body=1" for 127.0.0.1 at 2014-07-01 17:16:46 -0500


Started GET "/new_spare_part" for 127.0.0.1 at 2014-07-01 17:17:23 -0500
Processing by SparePartsController#new as HTML
  Rendered shared/_errors_messages.html.erb (0.1ms)
  Rendered spare_parts/_form.html.erb (3.8ms)
  Rendered spare_parts/new.html.erb within layouts/application (5.1ms)
Completed 500 Internal Server Error in 8ms

ActionView::Template::Error (undefined method `brand' for #<SparePart:0x007fd587213928>):
    3: 
    4:     <div class="form-group">
    5:       <!-- <%= f.label :brand, "Marca" %> -->
    6:       <%= f.text_field :brand, :placeholder => "Marca", :class => 'form-control' %>
    7:     </div>
    8: 
    9:     <div class="form-group">
  app/views/spare_parts/_form.html.erb:6:in `block in _app_views_spare_parts__form_html_erb__2551983975897975729_70277512622780'
  app/views/spare_parts/_form.html.erb:1:in `_app_views_spare_parts__form_html_erb__2551983975897975729_70277512622780'
  app/views/spare_parts/new.html.erb:3:in `_app_views_spare_parts_new_html_erb__3777471778812540929_70277512602300'


  Rendered /Users/abr/.rvm/gems/ruby-2.0.0-p451/gems/actionpack-4.0.5/lib/action_dispatch/middleware/templates/rescues/_trace.erb (1.4ms)
  Rendered /Users/abr/.rvm/gems/ruby-2.0.0-p451/gems/actionpack-4.0.5/lib/action_dispatch/middleware/templates/rescues/_request_and_response.erb (1.1ms)
  Rendered /Users/abr/.rvm/gems/ruby-2.0.0-p451/gems/actionpack-4.0.5/lib/action_dispatch/middleware/templates/rescues/template_error.erb within rescues/layout (12.1ms)


Started GET "/new_spare_part" for 127.0.0.1 at 2014-07-01 17:41:39 -0500
Processing by SparePartsController#new as HTML
  Rendered shared/_errors_messages.html.erb (0.1ms)
  Rendered spare_parts/_form.html.erb (11.5ms)
  Rendered spare_parts/new.html.erb within layouts/application (12.4ms)
Completed 500 Internal Server Error in 21ms

ActionView::Template::Error (undefined method `parent' for #<SparePart:0x007fd58458ceb8>):
    14:     </div>
    15: 
    16:     <div class="form-group">
    17:       <%= f.text_field :parent, :placeholder => "Padre", :class => 'form-control' %>
    18:     </div>
    19: 
    20:       <%= f.submit "Guardar", :class => 'btn btn-default'%>
  app/views/spare_parts/_form.html.erb:17:in `block in _app_views_spare_parts__form_html_erb__2551983975897975729_70277512645460'
  app/views/spare_parts/_form.html.erb:1:in `_app_views_spare_parts__form_html_erb__2551983975897975729_70277512645460'
  app/views/spare_parts/new.html.erb:3:in `_app_views_spare_parts_new_html_erb__3777471778812540929_70277512602300'


  Rendered /Users/abr/.rvm/gems/ruby-2.0.0-p451/gems/actionpack-4.0.5/lib/action_dispatch/middleware/templates/rescues/_trace.erb (1.2ms)
  Rendered /Users/abr/.rvm/gems/ruby-2.0.0-p451/gems/actionpack-4.0.5/lib/action_dispatch/middleware/templates/rescues/_request_and_response.erb (1.8ms)
  Rendered /Users/abr/.rvm/gems/ruby-2.0.0-p451/gems/actionpack-4.0.5/lib/action_dispatch/middleware/templates/rescues/template_error.erb within rescues/layout (17.7ms)


Started GET "/new_spare_part" for 127.0.0.1 at 2014-07-01 17:41:49 -0500
Processing by SparePartsController#new as HTML
  Rendered shared/_errors_messages.html.erb (0.1ms)
  Rendered spare_parts/_form.html.erb (3.5ms)
  Rendered spare_parts/new.html.erb within layouts/application (4.1ms)
Completed 200 OK in 15ms (Views: 13.5ms | ActiveRecord: 0.0ms)


Started GET "/assets/application.css?body=1" for 127.0.0.1 at 2014-07-01 17:41:49 -0500


Started GET "/assets/cars.css?body=1" for 127.0.0.1 at 2014-07-01 17:41:49 -0500


Started GET "/assets/custom.css?body=1" for 127.0.0.1 at 2014-07-01 17:41:50 -0500


Started GET "/assets/spare_parts.css?body=1" for 127.0.0.1 at 2014-07-01 17:41:50 -0500


Started GET "/assets/jquery.js?body=1" for 127.0.0.1 at 2014-07-01 17:41:50 -0500


Started GET "/assets/cars.js?body=1" for 127.0.0.1 at 2014-07-01 17:41:50 -0500


Started GET "/assets/users.css?body=1" for 127.0.0.1 at 2014-07-01 17:41:50 -0500


Started GET "/assets/static_pages.css?body=1" for 127.0.0.1 at 2014-07-01 17:41:50 -0500


Started GET "/assets/spare_parts.js?body=1" for 127.0.0.1 at 2014-07-01 17:41:50 -0500


Started GET "/assets/static_pages.js?body=1" for 127.0.0.1 at 2014-07-01 17:41:50 -0500


Started GET "/assets/jquery_ujs.js?body=1" for 127.0.0.1 at 2014-07-01 17:41:50 -0500


Started GET "/assets/turbolinks.js?body=1" for 127.0.0.1 at 2014-07-01 17:41:50 -0500


Started GET "/assets/users.js?body=1" for 127.0.0.1 at 2014-07-01 17:41:50 -0500


Started GET "/assets/application.js?body=1" for 127.0.0.1 at 2014-07-01 17:41:50 -0500


Started GET "/" for 127.0.0.1 at 2014-07-01 17:51:35 -0500
Processing by StaticPagesController#index as HTML
  Rendered static_pages/index.html.erb within layouts/application (0.3ms)
Completed 200 OK in 43ms (Views: 41.7ms | ActiveRecord: 0.0ms)


Started GET "/assets/application.css?body=1" for 127.0.0.1 at 2014-07-01 17:51:35 -0500


Started GET "/assets/cars.css?body=1" for 127.0.0.1 at 2014-07-01 17:51:35 -0500


Started GET "/assets/custom.css?body=1" for 127.0.0.1 at 2014-07-01 17:51:35 -0500


Started GET "/assets/jquery_ujs.js?body=1" for 127.0.0.1 at 2014-07-01 17:51:35 -0500


Started GET "/assets/static_pages.css?body=1" for 127.0.0.1 at 2014-07-01 17:51:35 -0500


Started GET "/assets/spare_parts.css?body=1" for 127.0.0.1 at 2014-07-01 17:51:35 -0500


Started GET "/assets/jquery.js?body=1" for 127.0.0.1 at 2014-07-01 17:51:35 -0500


Started GET "/assets/users.css?body=1" for 127.0.0.1 at 2014-07-01 17:51:35 -0500


Started GET "/assets/turbolinks.js?body=1" for 127.0.0.1 at 2014-07-01 17:51:35 -0500


Started GET "/assets/cars.js?body=1" for 127.0.0.1 at 2014-07-01 17:51:35 -0500


Started GET "/assets/spare_parts.js?body=1" for 127.0.0.1 at 2014-07-01 17:51:35 -0500


Started GET "/assets/static_pages.js?body=1" for 127.0.0.1 at 2014-07-01 17:51:35 -0500


Started GET "/assets/users.js?body=1" for 127.0.0.1 at 2014-07-01 17:51:35 -0500


Started GET "/assets/application.js?body=1" for 127.0.0.1 at 2014-07-01 17:51:35 -0500
  [1m[36m (1.3ms)[0m  [1mCREATE TABLE "schema_migrations" ("version" varchar(255) NOT NULL) [0m
  [1m[35m (1.2ms)[0m  CREATE UNIQUE INDEX "unique_schema_migrations" ON "schema_migrations" ("version")
  [1m[36mActiveRecord::SchemaMigration Load (0.2ms)[0m  [1mSELECT "schema_migrations".* FROM "schema_migrations"[0m
Migrating to CreateUsers (20140621004813)
  [1m[35m (0.1ms)[0m  begin transaction
  [1m[36m (0.6ms)[0m  [1mCREATE TABLE "users" ("id" INTEGER PRIMARY KEY AUTOINCREMENT NOT NULL, "name" varchar(255), "lastname" varchar(255), "password_digest" varchar(255), "permissions" integer, "created_at" datetime, "updated_at" datetime) [0m
  [1m[35mSQL (0.3ms)[0m  INSERT INTO "schema_migrations" ("version") VALUES (?)  [["version", "20140621004813"]]
  [1m[36m (0.9ms)[0m  [1mcommit transaction[0m
Migrating to CreateBrands (20140630232112)
  [1m[35m (0.3ms)[0m  begin transaction
  [1m[36m (0.6ms)[0m  [1mCREATE TABLE "brands" ("id" INTEGER PRIMARY KEY AUTOINCREMENT NOT NULL, "name" varchar(255), "created_at" datetime, "updated_at" datetime) [0m
  [1m[35mSQL (0.2ms)[0m  INSERT INTO "schema_migrations" ("version") VALUES (?)  [["version", "20140630232112"]]
  [1m[36m (1.0ms)[0m  [1mcommit transaction[0m
Migrating to CreateCars (20140630232243)
  [1m[35m (0.1ms)[0m  begin transaction
  [1m[36m (0.5ms)[0m  [1mCREATE TABLE "cars" ("id" INTEGER PRIMARY KEY AUTOINCREMENT NOT NULL, "carType" varchar(255), "year" varchar(255), "generation" varchar(255), "model" varchar(255), "brand_id" integer, "created_at" datetime, "updated_at" datetime) [0m
  [1m[35mSQL (0.3ms)[0m  INSERT INTO "schema_migrations" ("version") VALUES (?)  [["version", "20140630232243"]]
  [1m[36m (1.0ms)[0m  [1mcommit transaction[0m
Migrating to CreateWorkshopCars (20140630232600)
  [1m[35m (0.1ms)[0m  begin transaction
  [1m[36m (0.6ms)[0m  [1mCREATE TABLE "workshop_cars" ("id" INTEGER PRIMARY KEY AUTOINCREMENT NOT NULL, "color" varchar(255), "doorNumber" integer, "status" varchar(255), "idSerie" varchar(255), "idMotor" varchar(255), "licensePlates" varchar(255), "car_id" integer, "created_at" datetime, "updated_at" datetime) [0m
  [1m[35mSQL (0.7ms)[0m  INSERT INTO "schema_migrations" ("version") VALUES (?)  [["version", "20140630232600"]]
  [1m[36m (1.0ms)[0m  [1mcommit transaction[0m
Migrating to CreateStockSpareParts (20140630233011)
  [1m[35m (0.2ms)[0m  begin transaction
  [1m[36m (0.8ms)[0m  [1mCREATE TABLE "stock_spare_parts" ("id" INTEGER PRIMARY KEY AUTOINCREMENT NOT NULL, "status" varchar(255), "workshop_car_id" integer, "spare_part_id" integer, "created_at" datetime, "updated_at" datetime) [0m
  [1m[35mSQL (0.4ms)[0m  INSERT INTO "schema_migrations" ("version") VALUES (?)  [["version", "20140630233011"]]
  [1m[36m (1.1ms)[0m  [1mcommit transaction[0m
Migrating to CreateSpareParts (20140630233130)
  [1m[35m (0.1ms)[0m  begin transaction
  [1m[36m (0.6ms)[0m  [1mCREATE TABLE "spare_parts" ("id" INTEGER PRIMARY KEY AUTOINCREMENT NOT NULL, "name" varchar(255), "description" text, "carRegion" varchar(255), "parent_id" integer, "brand" varchar(255), "created_at" datetime, "updated_at" datetime) [0m
  [1m[35mSQL (0.2ms)[0m  INSERT INTO "schema_migrations" ("version") VALUES (?)  [["version", "20140630233130"]]
  [1m[36m (0.9ms)[0m  [1mcommit transaction[0m
Migrating to CreateWarehouses (20140630233334)
  [1m[35m (0.1ms)[0m  begin transaction
  [1m[36m (1.1ms)[0m  [1mCREATE TABLE "warehouses" ("id" INTEGER PRIMARY KEY AUTOINCREMENT NOT NULL, "branch" varchar(255), "location" varchar(255), "geolocation" varchar(255), "created_at" datetime, "updated_at" datetime) [0m
  [1m[35mSQL (0.5ms)[0m  INSERT INTO "schema_migrations" ("version") VALUES (?)  [["version", "20140630233334"]]
  [1m[36m (3.6ms)[0m  [1mcommit transaction[0m
Migrating to CreateCarSparePart (20140701000951)
  [1m[35m (0.1ms)[0m  begin transaction
  [1m[36m (0.4ms)[0m  [1mCREATE TABLE "cars_spare_parts" ("id_car" integer, "id_spare_part" integer) [0m
  [1m[35mSQL (0.2ms)[0m  INSERT INTO "schema_migrations" ("version") VALUES (?)  [["version", "20140701000951"]]
  [1m[36m (0.9ms)[0m  [1mcommit transaction[0m
  [1m[35mActiveRecord::SchemaMigration Load (0.4ms)[0m  SELECT "schema_migrations".* FROM "schema_migrations"
  [1m[36m (1.5ms)[0m  [1mCREATE TABLE "brands" ("id" INTEGER PRIMARY KEY AUTOINCREMENT NOT NULL, "name" varchar(255), "created_at" datetime, "updated_at" datetime) [0m
  [1m[35m (1.1ms)[0m  CREATE TABLE "cars" ("id" INTEGER PRIMARY KEY AUTOINCREMENT NOT NULL, "carType" varchar(255), "year" varchar(255), "generation" varchar(255), "model" varchar(255), "brand_id" integer, "created_at" datetime, "updated_at" datetime) 
  [1m[36m (0.9ms)[0m  [1mCREATE TABLE "cars_spare_parts" ("id_car" integer, "id_spare_part" integer) [0m
  [1m[35m (1.1ms)[0m  CREATE TABLE "spare_parts" ("id" INTEGER PRIMARY KEY AUTOINCREMENT NOT NULL, "name" varchar(255), "description" text, "carRegion" varchar(255), "parent_id" integer, "brand" varchar(255), "created_at" datetime, "updated_at" datetime) 
  [1m[36m (1.1ms)[0m  [1mCREATE TABLE "stock_spare_parts" ("id" INTEGER PRIMARY KEY AUTOINCREMENT NOT NULL, "status" varchar(255), "workshop_car_id" integer, "spare_part_id" integer, "created_at" datetime, "updated_at" datetime) [0m
  [1m[35m (1.3ms)[0m  CREATE TABLE "users" ("id" INTEGER PRIMARY KEY AUTOINCREMENT NOT NULL, "name" varchar(255), "lastname" varchar(255), "password_digest" varchar(255), "permissions" integer, "created_at" datetime, "updated_at" datetime) 
  [1m[36m (1.1ms)[0m  [1mCREATE TABLE "warehouses" ("id" INTEGER PRIMARY KEY AUTOINCREMENT NOT NULL, "branch" varchar(255), "location" varchar(255), "geolocation" varchar(255), "created_at" datetime, "updated_at" datetime) [0m
  [1m[35m (2.1ms)[0m  CREATE TABLE "workshop_cars" ("id" INTEGER PRIMARY KEY AUTOINCREMENT NOT NULL, "color" varchar(255), "doorNumber" integer, "status" varchar(255), "idSerie" varchar(255), "idMotor" varchar(255), "licensePlates" varchar(255), "car_id" integer, "created_at" datetime, "updated_at" datetime) 
  [1m[36m (1.0ms)[0m  [1mCREATE TABLE "schema_migrations" ("version" varchar(255) NOT NULL) [0m
  [1m[35m (2.0ms)[0m  CREATE UNIQUE INDEX "unique_schema_migrations" ON "schema_migrations" ("version")
  [1m[36m (0.2ms)[0m  [1mSELECT version FROM "schema_migrations"[0m
  [1m[35m (1.1ms)[0m  INSERT INTO "schema_migrations" (version) VALUES ('20140701000951')
  [1m[36m (1.0ms)[0m  [1mINSERT INTO "schema_migrations" (version) VALUES ('20140621004813')[0m
  [1m[35m (0.9ms)[0m  INSERT INTO "schema_migrations" (version) VALUES ('20140630232112')
  [1m[36m (0.9ms)[0m  [1mINSERT INTO "schema_migrations" (version) VALUES ('20140630232243')[0m
  [1m[35m (0.8ms)[0m  INSERT INTO "schema_migrations" (version) VALUES ('20140630232600')
  [1m[36m (2.0ms)[0m  [1mINSERT INTO "schema_migrations" (version) VALUES ('20140630233011')[0m
  [1m[35m (1.3ms)[0m  INSERT INTO "schema_migrations" (version) VALUES ('20140630233130')
  [1m[36m (1.9ms)[0m  [1mINSERT INTO "schema_migrations" (version) VALUES ('20140630233334')[0m
  [1m[35mActiveRecord::SchemaMigration Load (0.1ms)[0m  SELECT "schema_migrations".* FROM "schema_migrations"


Started GET "/new_spare_part" for 127.0.0.1 at 2014-07-01 20:19:18 -0500
  [1m[36mActiveRecord::SchemaMigration Load (0.7ms)[0m  [1mSELECT "schema_migrations".* FROM "schema_migrations"[0m
Processing by SparePartsController#new as HTML
  Rendered shared/_errors_messages.html.erb (2.1ms)
  Rendered spare_parts/_form.html.erb (49.8ms)
  Rendered spare_parts/new.html.erb within layouts/application (55.7ms)
Completed 200 OK in 182ms (Views: 175.7ms | ActiveRecord: 0.3ms)


Started GET "/new_spare_part" for 127.0.0.1 at 2014-07-01 20:19:19 -0500
Processing by SparePartsController#new as HTML
  Rendered shared/_errors_messages.html.erb (0.0ms)
  Rendered spare_parts/_form.html.erb (2.5ms)
  Rendered spare_parts/new.html.erb within layouts/application (3.2ms)
Completed 200 OK in 12ms (Views: 11.7ms | ActiveRecord: 0.0ms)


Started GET "/assets/application.css?body=1" for 127.0.0.1 at 2014-07-01 20:19:19 -0500


Started GET "/assets/custom.css?body=1" for 127.0.0.1 at 2014-07-01 20:19:19 -0500


Started GET "/assets/cars.css?body=1" for 127.0.0.1 at 2014-07-01 20:19:19 -0500


Started GET "/assets/spare_parts.css?body=1" for 127.0.0.1 at 2014-07-01 20:19:19 -0500


Started GET "/assets/static_pages.css?body=1" for 127.0.0.1 at 2014-07-01 20:19:19 -0500


Started GET "/assets/users.css?body=1" for 127.0.0.1 at 2014-07-01 20:19:19 -0500


Started GET "/assets/jquery.js?body=1" for 127.0.0.1 at 2014-07-01 20:19:19 -0500


Started GET "/assets/jquery_ujs.js?body=1" for 127.0.0.1 at 2014-07-01 20:19:19 -0500


Started GET "/assets/turbolinks.js?body=1" for 127.0.0.1 at 2014-07-01 20:19:19 -0500


Started GET "/assets/cars.js?body=1" for 127.0.0.1 at 2014-07-01 20:19:19 -0500


Started GET "/assets/spare_parts.js?body=1" for 127.0.0.1 at 2014-07-01 20:19:19 -0500


Started GET "/assets/static_pages.js?body=1" for 127.0.0.1 at 2014-07-01 20:19:19 -0500


Started GET "/assets/users.js?body=1" for 127.0.0.1 at 2014-07-01 20:19:19 -0500


Started GET "/assets/application.js?body=1" for 127.0.0.1 at 2014-07-01 20:19:19 -0500


Started POST "/spare_parts" for 127.0.0.1 at 2014-07-01 20:19:22 -0500
Processing by SparePartsController#create as HTML
  Parameters: {"utf8"=>"✓", "authenticity_token"=>"dr2jKnfdktKAc7T3OhsaJ0U/3akL0X++7TU7HxccImo=", "spare_part"=>{"name"=>"", "description"=>"", "carRegion"=>"", "parent_id"=>""}, "commit"=>"Guardar"}
Unpermitted parameters: description, carRegion, parent_id
  [1m[35m (0.1ms)[0m  begin transaction
  [1m[36mSQL (5.4ms)[0m  [1mINSERT INTO "spare_parts" ("created_at", "name", "updated_at") VALUES (?, ?, ?)[0m  [["created_at", Wed, 02 Jul 2014 01:19:22 UTC +00:00], ["name", ""], ["updated_at", Wed, 02 Jul 2014 01:19:22 UTC +00:00]]
  [1m[35m (1.0ms)[0m  commit transaction
  Rendered spare_parts/index.html.erb within layouts/application (2.9ms)
Completed 500 Internal Server Error in 17ms

ActionView::Template::Error (undefined method `each' for nil:NilClass):
    1: <h2>Refacciones</h2>
    2: 
    3: <% @spare_parts.each do |spare_part| %>
    4:     <li>
    5:       <%= link_to spare_part.name, spare_part %>
    6:     </li>
  app/views/spare_parts/index.html.erb:3:in `_app_views_spare_parts_index_html_erb___1621083604828931053_70352537208940'
  app/controllers/spare_parts_controller.rb:10:in `create'


  Rendered /Users/abr/.rvm/gems/ruby-2.0.0-p451/gems/actionpack-4.0.5/lib/action_dispatch/middleware/templates/rescues/_trace.erb (1.9ms)
  Rendered /Users/abr/.rvm/gems/ruby-2.0.0-p451/gems/actionpack-4.0.5/lib/action_dispatch/middleware/templates/rescues/_request_and_response.erb (1.6ms)
  Rendered /Users/abr/.rvm/gems/ruby-2.0.0-p451/gems/actionpack-4.0.5/lib/action_dispatch/middleware/templates/rescues/template_error.erb within rescues/layout (19.5ms)


Started POST "/spare_parts" for 127.0.0.1 at 2014-07-01 20:20:14 -0500
Processing by SparePartsController#create as HTML
  Parameters: {"utf8"=>"✓", "authenticity_token"=>"dr2jKnfdktKAc7T3OhsaJ0U/3akL0X++7TU7HxccImo=", "spare_part"=>{"name"=>"", "description"=>"", "carRegion"=>"", "parent_id"=>""}, "commit"=>"Guardar"}
Unpermitted parameters: description, carRegion, parent_id
  [1m[36m (0.1ms)[0m  [1mbegin transaction[0m
  [1m[35mSQL (0.6ms)[0m  INSERT INTO "spare_parts" ("created_at", "name", "updated_at") VALUES (?, ?, ?)  [["created_at", Wed, 02 Jul 2014 01:20:14 UTC +00:00], ["name", ""], ["updated_at", Wed, 02 Jul 2014 01:20:14 UTC +00:00]]
  [1m[36m (1.0ms)[0m  [1mcommit transaction[0m
  Rendered spare_parts/index.html.erb within layouts/application (0.8ms)
Completed 500 Internal Server Error in 20ms

ActionView::Template::Error (undefined method `each' for nil:NilClass):
    1: <h2>Refacciones</h2>
    2: 
    3: <% @spare_parts.each do |spare_part| %>
    4:     <li>
    5:       <%= link_to spare_part.name, spare_part %>
    6:     </li>
  app/views/spare_parts/index.html.erb:3:in `_app_views_spare_parts_index_html_erb___1621083604828931053_70352537208940'
  app/controllers/spare_parts_controller.rb:10:in `create'


  Rendered /Users/abr/.rvm/gems/ruby-2.0.0-p451/gems/actionpack-4.0.5/lib/action_dispatch/middleware/templates/rescues/_trace.erb (1.5ms)
  Rendered /Users/abr/.rvm/gems/ruby-2.0.0-p451/gems/actionpack-4.0.5/lib/action_dispatch/middleware/templates/rescues/_request_and_response.erb (1.2ms)
  Rendered /Users/abr/.rvm/gems/ruby-2.0.0-p451/gems/actionpack-4.0.5/lib/action_dispatch/middleware/templates/rescues/template_error.erb within rescues/layout (16.8ms)


Started POST "/spare_parts" for 127.0.0.1 at 2014-07-01 20:20:28 -0500
Processing by SparePartsController#create as HTML
  Parameters: {"utf8"=>"✓", "authenticity_token"=>"dr2jKnfdktKAc7T3OhsaJ0U/3akL0X++7TU7HxccImo=", "spare_part"=>{"name"=>"", "description"=>"", "carRegion"=>"", "parent_id"=>""}, "commit"=>"Guardar"}
Unpermitted parameters: description, carRegion, parent_id
  [1m[35m (0.1ms)[0m  begin transaction
  [1m[36mSQL (0.5ms)[0m  [1mINSERT INTO "spare_parts" ("created_at", "name", "updated_at") VALUES (?, ?, ?)[0m  [["created_at", Wed, 02 Jul 2014 01:20:28 UTC +00:00], ["name", ""], ["updated_at", Wed, 02 Jul 2014 01:20:28 UTC +00:00]]
  [1m[35m (2.1ms)[0m  commit transaction
  Rendered spare_parts/index.html.erb within layouts/application (0.4ms)
Completed 200 OK in 19ms (Views: 12.7ms | ActiveRecord: 2.7ms)


Started GET "/assets/application.css?body=1" for 127.0.0.1 at 2014-07-01 20:20:28 -0500


Started GET "/assets/cars.css?body=1" for 127.0.0.1 at 2014-07-01 20:20:28 -0500


Started GET "/assets/custom.css?body=1" for 127.0.0.1 at 2014-07-01 20:20:28 -0500


Started GET "/assets/spare_parts.css?body=1" for 127.0.0.1 at 2014-07-01 20:20:28 -0500


Started GET "/assets/users.css?body=1" for 127.0.0.1 at 2014-07-01 20:20:28 -0500


Started GET "/assets/static_pages.css?body=1" for 127.0.0.1 at 2014-07-01 20:20:28 -0500


Started GET "/assets/cars.js?body=1" for 127.0.0.1 at 2014-07-01 20:20:28 -0500


Started GET "/assets/turbolinks.js?body=1" for 127.0.0.1 at 2014-07-01 20:20:28 -0500


Started GET "/assets/spare_parts.js?body=1" for 127.0.0.1 at 2014-07-01 20:20:28 -0500


Started GET "/assets/jquery_ujs.js?body=1" for 127.0.0.1 at 2014-07-01 20:20:28 -0500


Started GET "/assets/jquery.js?body=1" for 127.0.0.1 at 2014-07-01 20:20:28 -0500


Started GET "/assets/static_pages.js?body=1" for 127.0.0.1 at 2014-07-01 20:20:28 -0500


Started GET "/assets/users.js?body=1" for 127.0.0.1 at 2014-07-01 20:20:28 -0500


Started GET "/assets/application.js?body=1" for 127.0.0.1 at 2014-07-01 20:20:28 -0500


Started GET "/new_spare_part" for 127.0.0.1 at 2014-07-01 20:25:17 -0500
Processing by SparePartsController#new as HTML
Completed 500 Internal Server Error in 2ms

SyntaxError (/Users/abr/Documents/railsProjects/mordu-bear/app/models/spare_part.rb:5: syntax error, unexpected ':', expecting keyword_end
  validates :name, :brand, :carRegion :parent_id presence: true
                                       ^):
  app/controllers/spare_parts_controller.rb:3:in `new'


  Rendered /Users/abr/.rvm/gems/ruby-2.0.0-p451/gems/actionpack-4.0.5/lib/action_dispatch/middleware/templates/rescues/_source.erb (0.9ms)
  Rendered /Users/abr/.rvm/gems/ruby-2.0.0-p451/gems/actionpack-4.0.5/lib/action_dispatch/middleware/templates/rescues/_trace.erb (1.3ms)
  Rendered /Users/abr/.rvm/gems/ruby-2.0.0-p451/gems/actionpack-4.0.5/lib/action_dispatch/middleware/templates/rescues/_request_and_response.erb (1.4ms)
  Rendered /Users/abr/.rvm/gems/ruby-2.0.0-p451/gems/actionpack-4.0.5/lib/action_dispatch/middleware/templates/rescues/diagnostics.erb within rescues/layout (19.4ms)


Started GET "/new_spare_part" for 127.0.0.1 at 2014-07-01 20:25:34 -0500
Processing by SparePartsController#new as HTML
Completed 500 Internal Server Error in 3ms

SyntaxError (/Users/abr/Documents/railsProjects/mordu-bear/app/models/spare_part.rb:5: syntax error, unexpected ':', expecting keyword_end
  validates :name, :brand, :carRegion :parent_id, presence: true
                                       ^):
  app/controllers/spare_parts_controller.rb:3:in `new'


  Rendered /Users/abr/.rvm/gems/ruby-2.0.0-p451/gems/actionpack-4.0.5/lib/action_dispatch/middleware/templates/rescues/_source.erb (1.0ms)
  Rendered /Users/abr/.rvm/gems/ruby-2.0.0-p451/gems/actionpack-4.0.5/lib/action_dispatch/middleware/templates/rescues/_trace.erb (1.3ms)
  Rendered /Users/abr/.rvm/gems/ruby-2.0.0-p451/gems/actionpack-4.0.5/lib/action_dispatch/middleware/templates/rescues/_request_and_response.erb (1.5ms)
  Rendered /Users/abr/.rvm/gems/ruby-2.0.0-p451/gems/actionpack-4.0.5/lib/action_dispatch/middleware/templates/rescues/diagnostics.erb within rescues/layout (19.6ms)


Started GET "/new_spare_part" for 127.0.0.1 at 2014-07-01 20:25:35 -0500
Processing by SparePartsController#new as HTML
Completed 500 Internal Server Error in 2ms

SyntaxError (/Users/abr/Documents/railsProjects/mordu-bear/app/models/spare_part.rb:5: syntax error, unexpected ':', expecting keyword_end
  validates :name, :brand, :carRegion :parent_id, presence: true
                                       ^):
  app/controllers/spare_parts_controller.rb:3:in `new'


  Rendered /Users/abr/.rvm/gems/ruby-2.0.0-p451/gems/actionpack-4.0.5/lib/action_dispatch/middleware/templates/rescues/_source.erb (0.8ms)
  Rendered /Users/abr/.rvm/gems/ruby-2.0.0-p451/gems/actionpack-4.0.5/lib/action_dispatch/middleware/templates/rescues/_trace.erb (1.6ms)
  Rendered /Users/abr/.rvm/gems/ruby-2.0.0-p451/gems/actionpack-4.0.5/lib/action_dispatch/middleware/templates/rescues/_request_and_response.erb (1.7ms)
  Rendered /Users/abr/.rvm/gems/ruby-2.0.0-p451/gems/actionpack-4.0.5/lib/action_dispatch/middleware/templates/rescues/diagnostics.erb within rescues/layout (18.1ms)


Started GET "/new_spare_part" for 127.0.0.1 at 2014-07-01 20:26:02 -0500
Processing by SparePartsController#new as HTML
  Rendered shared/_errors_messages.html.erb (1.7ms)
  Rendered spare_parts/_form.html.erb (11.4ms)
  Rendered spare_parts/new.html.erb within layouts/application (12.2ms)
Completed 500 Internal Server Error in 21ms

ActionView::Template::Error (undefined method `errors' for nil:NilClass):
    1: <% if @spare_part.errors.any? %>
    2:   <div id="error_explanation">
    3:     <div class="alert alert-error">
    4:       The form contains <%= pluralize(@spare_part.errors.count, "error") %>.
  app/views/shared/_errors_messages.html.erb:1:in `_app_views_shared__errors_messages_html_erb___2524455921802876641_70352538243720'
  app/views/spare_parts/_form.html.erb:2:in `block in _app_views_spare_parts__form_html_erb___2599532174817233969_70352537322440'
  app/views/spare_parts/_form.html.erb:1:in `_app_views_spare_parts__form_html_erb___2599532174817233969_70352537322440'
  app/views/spare_parts/new.html.erb:4:in `_app_views_spare_parts_new_html_erb___507419874191374222_70352543617560'


  Rendered /Users/abr/.rvm/gems/ruby-2.0.0-p451/gems/actionpack-4.0.5/lib/action_dispatch/middleware/templates/rescues/_trace.erb (1.4ms)
  Rendered /Users/abr/.rvm/gems/ruby-2.0.0-p451/gems/actionpack-4.0.5/lib/action_dispatch/middleware/templates/rescues/_request_and_response.erb (1.2ms)
  Rendered /Users/abr/.rvm/gems/ruby-2.0.0-p451/gems/actionpack-4.0.5/lib/action_dispatch/middleware/templates/rescues/template_error.erb within rescues/layout (12.0ms)


Started GET "/new_spare_part" for 127.0.0.1 at 2014-07-01 20:26:40 -0500
Processing by SparePartsController#new as HTML
  Rendered shared/_errors_messages.html.erb (0.5ms)
  Rendered spare_parts/_form.html.erb (3.6ms)
  Rendered spare_parts/new.html.erb within layouts/application (4.3ms)
Completed 200 OK in 14ms (Views: 13.0ms | ActiveRecord: 0.0ms)


Started GET "/assets/application.css?body=1" for 127.0.0.1 at 2014-07-01 20:26:40 -0500


Started GET "/assets/cars.css?body=1" for 127.0.0.1 at 2014-07-01 20:26:40 -0500


Started GET "/assets/custom.css?body=1" for 127.0.0.1 at 2014-07-01 20:26:40 -0500


Started GET "/assets/spare_parts.css?body=1" for 127.0.0.1 at 2014-07-01 20:26:40 -0500


Started GET "/assets/jquery.js?body=1" for 127.0.0.1 at 2014-07-01 20:26:40 -0500


Started GET "/assets/static_pages.css?body=1" for 127.0.0.1 at 2014-07-01 20:26:40 -0500


Started GET "/assets/jquery_ujs.js?body=1" for 127.0.0.1 at 2014-07-01 20:26:40 -0500


Started GET "/assets/users.css?body=1" for 127.0.0.1 at 2014-07-01 20:26:40 -0500


Started GET "/assets/turbolinks.js?body=1" for 127.0.0.1 at 2014-07-01 20:26:40 -0500


Started GET "/assets/cars.js?body=1" for 127.0.0.1 at 2014-07-01 20:26:40 -0500


Started GET "/assets/spare_parts.js?body=1" for 127.0.0.1 at 2014-07-01 20:26:40 -0500


Started GET "/assets/users.js?body=1" for 127.0.0.1 at 2014-07-01 20:26:40 -0500


Started GET "/assets/application.js?body=1" for 127.0.0.1 at 2014-07-01 20:26:40 -0500


Started GET "/assets/static_pages.js?body=1" for 127.0.0.1 at 2014-07-01 20:26:40 -0500


Started POST "/spare_parts" for 127.0.0.1 at 2014-07-01 20:26:46 -0500
Processing by SparePartsController#create as HTML
  Parameters: {"utf8"=>"✓", "authenticity_token"=>"dr2jKnfdktKAc7T3OhsaJ0U/3akL0X++7TU7HxccImo=", "spare_part"=>{"name"=>"", "description"=>"", "carRegion"=>"", "parent_id"=>""}, "commit"=>"Guardar"}
Unpermitted parameters: description, carRegion, parent_id
  [1m[36m (0.1ms)[0m  [1mbegin transaction[0m
  [1m[35m (0.1ms)[0m  rollback transaction
  Rendered shared/_errors_messages.html.erb (0.7ms)
  Rendered spare_parts/_form.html.erb (1.9ms)
  Rendered spare_parts/new.html.erb within layouts/application (2.5ms)
Completed 500 Internal Server Error in 239ms

ActionView::Template::Error (undefined method `errors' for nil:NilClass):
    1: <% if @sparePart.errors.any? %>
    2:   <div id="error_explanation">
    3:     <div class="alert alert-error">
    4:       The form contains <%= pluralize(@spare_part.errors.count, "error") %>.
    5:     </div>
    6:     <ul>
    7:     <% @spare_part.errors.full_messages.each do |msg| %>
  app/views/shared/_errors_messages.html.erb:4:in `_app_views_shared__errors_messages_html_erb___2524455921802876641_70352544855520'
  app/views/spare_parts/_form.html.erb:2:in `block in _app_views_spare_parts__form_html_erb___2599532174817233969_70352537322440'
  app/views/spare_parts/_form.html.erb:1:in `_app_views_spare_parts__form_html_erb___2599532174817233969_70352537322440'
  app/views/spare_parts/new.html.erb:4:in `_app_views_spare_parts_new_html_erb___507419874191374222_70352543617560'
  app/controllers/spare_parts_controller.rb:12:in `create'


  Rendered /Users/abr/.rvm/gems/ruby-2.0.0-p451/gems/actionpack-4.0.5/lib/action_dispatch/middleware/templates/rescues/_trace.erb (1.8ms)
  Rendered /Users/abr/.rvm/gems/ruby-2.0.0-p451/gems/actionpack-4.0.5/lib/action_dispatch/middleware/templates/rescues/_request_and_response.erb (1.2ms)
  Rendered /Users/abr/.rvm/gems/ruby-2.0.0-p451/gems/actionpack-4.0.5/lib/action_dispatch/middleware/templates/rescues/template_error.erb within rescues/layout (12.8ms)


Started POST "/spare_parts" for 127.0.0.1 at 2014-07-01 20:26:58 -0500
Processing by SparePartsController#create as HTML
  Parameters: {"utf8"=>"✓", "authenticity_token"=>"dr2jKnfdktKAc7T3OhsaJ0U/3akL0X++7TU7HxccImo=", "spare_part"=>{"name"=>"", "description"=>"", "carRegion"=>"", "parent_id"=>""}, "commit"=>"Guardar"}
Unpermitted parameters: description, carRegion, parent_id
  [1m[36m (0.1ms)[0m  [1mbegin transaction[0m
  [1m[35m (0.1ms)[0m  rollback transaction
  Rendered shared/_errors_messages.html.erb (3.9ms)
  Rendered spare_parts/_form.html.erb (6.3ms)
  Rendered spare_parts/new.html.erb within layouts/application (7.0ms)
Completed 200 OK in 20ms (Views: 14.7ms | ActiveRecord: 0.2ms)


Started GET "/assets/application.css?body=1" for 127.0.0.1 at 2014-07-01 20:26:59 -0500


Started GET "/assets/cars.css?body=1" for 127.0.0.1 at 2014-07-01 20:26:59 -0500


Started GET "/assets/spare_parts.css?body=1" for 127.0.0.1 at 2014-07-01 20:26:59 -0500


Started GET "/assets/custom.css?body=1" for 127.0.0.1 at 2014-07-01 20:26:59 -0500


Started GET "/assets/static_pages.css?body=1" for 127.0.0.1 at 2014-07-01 20:26:59 -0500


Started GET "/assets/jquery_ujs.js?body=1" for 127.0.0.1 at 2014-07-01 20:26:59 -0500


Started GET "/assets/cars.js?body=1" for 127.0.0.1 at 2014-07-01 20:26:59 -0500


Started GET "/assets/jquery.js?body=1" for 127.0.0.1 at 2014-07-01 20:26:59 -0500


Started GET "/assets/users.css?body=1" for 127.0.0.1 at 2014-07-01 20:26:59 -0500


Started GET "/assets/turbolinks.js?body=1" for 127.0.0.1 at 2014-07-01 20:26:59 -0500


Started GET "/assets/spare_parts.js?body=1" for 127.0.0.1 at 2014-07-01 20:26:59 -0500


Started GET "/assets/static_pages.js?body=1" for 127.0.0.1 at 2014-07-01 20:26:59 -0500


Started GET "/assets/application.js?body=1" for 127.0.0.1 at 2014-07-01 20:26:59 -0500


Started GET "/assets/users.js?body=1" for 127.0.0.1 at 2014-07-01 20:26:59 -0500


Started POST "/spare_parts" for 127.0.0.1 at 2014-07-01 20:33:28 -0500
Processing by SparePartsController#create as HTML
  Parameters: {"utf8"=>"✓", "authenticity_token"=>"dr2jKnfdktKAc7T3OhsaJ0U/3akL0X++7TU7HxccImo=", "spare_part"=>{"name"=>"", "description"=>"", "carRegion"=>"", "parent_id"=>""}, "commit"=>"Guardar"}
Unpermitted parameters: description, carRegion, parent_id
  [1m[36m (0.1ms)[0m  [1mbegin transaction[0m
  [1m[35m (0.1ms)[0m  rollback transaction
  Rendered shared/_errors_messages.html.erb (2.7ms)
  Rendered spare_parts/_form.html.erb (4.9ms)
  Rendered spare_parts/new.html.erb within layouts/application (5.5ms)
Completed 200 OK in 19ms (Views: 13.0ms | ActiveRecord: 0.2ms)


Started GET "/assets/application.css?body=1" for 127.0.0.1 at 2014-07-01 20:33:28 -0500


Started GET "/assets/cars.css?body=1" for 127.0.0.1 at 2014-07-01 20:33:28 -0500


Started GET "/assets/jquery.js?body=1" for 127.0.0.1 at 2014-07-01 20:33:28 -0500


Started GET "/assets/custom.css?body=1" for 127.0.0.1 at 2014-07-01 20:33:28 -0500


Started GET "/assets/jquery_ujs.js?body=1" for 127.0.0.1 at 2014-07-01 20:33:28 -0500


Started GET "/assets/static_pages.css?body=1" for 127.0.0.1 at 2014-07-01 20:33:28 -0500


Started GET "/assets/cars.js?body=1" for 127.0.0.1 at 2014-07-01 20:33:28 -0500


Started GET "/assets/spare_parts.css?body=1" for 127.0.0.1 at 2014-07-01 20:33:28 -0500


Started GET "/assets/turbolinks.js?body=1" for 127.0.0.1 at 2014-07-01 20:33:28 -0500


Started GET "/assets/users.css?body=1" for 127.0.0.1 at 2014-07-01 20:33:28 -0500


Started GET "/assets/spare_parts.js?body=1" for 127.0.0.1 at 2014-07-01 20:33:28 -0500


Started GET "/assets/static_pages.js?body=1" for 127.0.0.1 at 2014-07-01 20:33:28 -0500


Started GET "/assets/users.js?body=1" for 127.0.0.1 at 2014-07-01 20:33:28 -0500


Started GET "/assets/application.js?body=1" for 127.0.0.1 at 2014-07-01 20:33:28 -0500


Started POST "/spare_parts" for 127.0.0.1 at 2014-07-01 20:37:56 -0500
Processing by SparePartsController#create as HTML
  Parameters: {"utf8"=>"✓", "authenticity_token"=>"dr2jKnfdktKAc7T3OhsaJ0U/3akL0X++7TU7HxccImo=", "spare_part"=>{"name"=>"adsfasf", "description"=>"asdfasdf", "carRegion"=>"asdfasd", "parent_id"=>""}, "commit"=>"Guardar"}
Unpermitted parameters: description, carRegion, parent_id
  [1m[36m (0.1ms)[0m  [1mbegin transaction[0m
  [1m[35m (0.1ms)[0m  rollback transaction
  Rendered shared/_errors_messages.html.erb (2.2ms)
  Rendered spare_parts/_form.html.erb (5.9ms)
  Rendered spare_parts/new.html.erb within layouts/application (6.7ms)
Completed 200 OK in 35ms (Views: 14.6ms | ActiveRecord: 0.8ms)


Started GET "/assets/application.css?body=1" for 127.0.0.1 at 2014-07-01 20:37:56 -0500


Started GET "/assets/custom.css?body=1" for 127.0.0.1 at 2014-07-01 20:37:56 -0500


Started GET "/assets/cars.css?body=1" for 127.0.0.1 at 2014-07-01 20:37:56 -0500


Started GET "/assets/static_pages.css?body=1" for 127.0.0.1 at 2014-07-01 20:37:56 -0500


Started GET "/assets/spare_parts.css?body=1" for 127.0.0.1 at 2014-07-01 20:37:56 -0500


Started GET "/assets/jquery.js?body=1" for 127.0.0.1 at 2014-07-01 20:37:56 -0500


Started GET "/assets/jquery_ujs.js?body=1" for 127.0.0.1 at 2014-07-01 20:37:56 -0500


Started GET "/assets/users.css?body=1" for 127.0.0.1 at 2014-07-01 20:37:56 -0500


Started GET "/assets/turbolinks.js?body=1" for 127.0.0.1 at 2014-07-01 20:37:56 -0500


Started GET "/assets/cars.js?body=1" for 127.0.0.1 at 2014-07-01 20:37:56 -0500


Started GET "/assets/spare_parts.js?body=1" for 127.0.0.1 at 2014-07-01 20:37:56 -0500


Started GET "/assets/static_pages.js?body=1" for 127.0.0.1 at 2014-07-01 20:37:56 -0500


Started GET "/assets/users.js?body=1" for 127.0.0.1 at 2014-07-01 20:37:56 -0500


Started GET "/assets/application.js?body=1" for 127.0.0.1 at 2014-07-01 20:37:56 -0500


Started POST "/spare_parts" for 127.0.0.1 at 2014-07-01 20:38:03 -0500
Processing by SparePartsController#create as HTML
  Parameters: {"utf8"=>"✓", "authenticity_token"=>"dr2jKnfdktKAc7T3OhsaJ0U/3akL0X++7TU7HxccImo=", "spare_part"=>{"name"=>"adsfasf", "brand"=>"asdfas", "description"=>"", "carRegion"=>"asdfsa", "parent_id"=>""}, "commit"=>"Guardar"}
Unpermitted parameters: description, carRegion, parent_id
  [1m[36m (0.1ms)[0m  [1mbegin transaction[0m
  [1m[35m (0.1ms)[0m  rollback transaction
  Rendered shared/_errors_messages.html.erb (1.4ms)
  Rendered spare_parts/_form.html.erb (4.9ms)
  Rendered spare_parts/new.html.erb within layouts/application (5.9ms)
Completed 200 OK in 20ms (Views: 13.7ms | ActiveRecord: 0.2ms)


Started GET "/assets/application.css?body=1" for 127.0.0.1 at 2014-07-01 20:38:03 -0500


Started GET "/assets/cars.css?body=1" for 127.0.0.1 at 2014-07-01 20:38:03 -0500


Started GET "/assets/custom.css?body=1" for 127.0.0.1 at 2014-07-01 20:38:03 -0500


Started GET "/assets/static_pages.css?body=1" for 127.0.0.1 at 2014-07-01 20:38:03 -0500


Started GET "/assets/spare_parts.css?body=1" for 127.0.0.1 at 2014-07-01 20:38:03 -0500


Started GET "/assets/users.css?body=1" for 127.0.0.1 at 2014-07-01 20:38:03 -0500


Started GET "/assets/jquery.js?body=1" for 127.0.0.1 at 2014-07-01 20:38:03 -0500


Started GET "/assets/jquery_ujs.js?body=1" for 127.0.0.1 at 2014-07-01 20:38:03 -0500


Started GET "/assets/cars.js?body=1" for 127.0.0.1 at 2014-07-01 20:38:03 -0500


Started GET "/assets/turbolinks.js?body=1" for 127.0.0.1 at 2014-07-01 20:38:03 -0500


Started GET "/assets/spare_parts.js?body=1" for 127.0.0.1 at 2014-07-01 20:38:03 -0500


Started GET "/assets/static_pages.js?body=1" for 127.0.0.1 at 2014-07-01 20:38:03 -0500


Started GET "/assets/users.js?body=1" for 127.0.0.1 at 2014-07-01 20:38:03 -0500


Started GET "/assets/application.js?body=1" for 127.0.0.1 at 2014-07-01 20:38:03 -0500


Started POST "/spare_parts" for 127.0.0.1 at 2014-07-01 20:38:07 -0500
Processing by SparePartsController#create as HTML
  Parameters: {"utf8"=>"✓", "authenticity_token"=>"dr2jKnfdktKAc7T3OhsaJ0U/3akL0X++7TU7HxccImo=", "spare_part"=>{"name"=>"adsfasf", "brand"=>"asdfas", "description"=>"", "carRegion"=>"asdfasd", "parent_id"=>""}, "commit"=>"Guardar"}
Unpermitted parameters: description, carRegion, parent_id
  [1m[36m (0.1ms)[0m  [1mbegin transaction[0m
  [1m[35m (0.1ms)[0m  rollback transaction
  Rendered shared/_errors_messages.html.erb (1.0ms)
  Rendered spare_parts/_form.html.erb (3.4ms)
  Rendered spare_parts/new.html.erb within layouts/application (4.1ms)
Completed 200 OK in 17ms (Views: 12.7ms | ActiveRecord: 0.2ms)


Started GET "/assets/application.css?body=1" for 127.0.0.1 at 2014-07-01 20:38:08 -0500


Started GET "/assets/cars.css?body=1" for 127.0.0.1 at 2014-07-01 20:38:08 -0500


Started GET "/assets/custom.css?body=1" for 127.0.0.1 at 2014-07-01 20:38:08 -0500


Started GET "/assets/users.css?body=1" for 127.0.0.1 at 2014-07-01 20:38:08 -0500


Started GET "/assets/spare_parts.css?body=1" for 127.0.0.1 at 2014-07-01 20:38:08 -0500


Started GET "/assets/turbolinks.js?body=1" for 127.0.0.1 at 2014-07-01 20:38:08 -0500


Started GET "/assets/jquery.js?body=1" for 127.0.0.1 at 2014-07-01 20:38:08 -0500


Started GET "/assets/jquery_ujs.js?body=1" for 127.0.0.1 at 2014-07-01 20:38:08 -0500


Started GET "/assets/static_pages.css?body=1" for 127.0.0.1 at 2014-07-01 20:38:08 -0500


Started GET "/assets/cars.js?body=1" for 127.0.0.1 at 2014-07-01 20:38:08 -0500


Started GET "/assets/spare_parts.js?body=1" for 127.0.0.1 at 2014-07-01 20:38:08 -0500


Started GET "/assets/static_pages.js?body=1" for 127.0.0.1 at 2014-07-01 20:38:08 -0500


Started GET "/assets/users.js?body=1" for 127.0.0.1 at 2014-07-01 20:38:08 -0500


Started GET "/assets/application.js?body=1" for 127.0.0.1 at 2014-07-01 20:38:08 -0500


Started POST "/spare_parts" for 127.0.0.1 at 2014-07-01 20:38:57 -0500
Processing by SparePartsController#create as HTML
  Parameters: {"utf8"=>"✓", "authenticity_token"=>"dr2jKnfdktKAc7T3OhsaJ0U/3akL0X++7TU7HxccImo=", "spare_part"=>{"name"=>"adsfasf", "brand"=>"asdfas", "description"=>"", "carRegion"=>"sf", "parent_id"=>""}, "commit"=>"Guardar"}
Unpermitted parameters: description, carRegion, parent_id
  [1m[36m (0.1ms)[0m  [1mbegin transaction[0m
  [1m[35m (0.1ms)[0m  rollback transaction
  Rendered shared/_errors_messages.html.erb (0.8ms)
  Rendered spare_parts/_form.html.erb (3.4ms)
  Rendered spare_parts/new.html.erb within layouts/application (4.1ms)
Completed 200 OK in 17ms (Views: 12.8ms | ActiveRecord: 0.2ms)


Started GET "/assets/application.css?body=1" for 127.0.0.1 at 2014-07-01 20:38:57 -0500


Started GET "/assets/cars.css?body=1" for 127.0.0.1 at 2014-07-01 20:38:57 -0500


Started GET "/assets/custom.css?body=1" for 127.0.0.1 at 2014-07-01 20:38:57 -0500


Started GET "/assets/spare_parts.css?body=1" for 127.0.0.1 at 2014-07-01 20:38:57 -0500


Started GET "/assets/static_pages.css?body=1" for 127.0.0.1 at 2014-07-01 20:38:57 -0500


Started GET "/assets/users.css?body=1" for 127.0.0.1 at 2014-07-01 20:38:57 -0500


Started GET "/assets/jquery.js?body=1" for 127.0.0.1 at 2014-07-01 20:38:57 -0500


Started GET "/assets/jquery_ujs.js?body=1" for 127.0.0.1 at 2014-07-01 20:38:57 -0500


Started GET "/assets/spare_parts.js?body=1" for 127.0.0.1 at 2014-07-01 20:38:57 -0500


Started GET "/assets/static_pages.js?body=1" for 127.0.0.1 at 2014-07-01 20:38:57 -0500


Started GET "/assets/cars.js?body=1" for 127.0.0.1 at 2014-07-01 20:38:57 -0500


Started GET "/assets/users.js?body=1" for 127.0.0.1 at 2014-07-01 20:38:57 -0500


Started GET "/assets/turbolinks.js?body=1" for 127.0.0.1 at 2014-07-01 20:38:57 -0500


Started GET "/assets/application.js?body=1" for 127.0.0.1 at 2014-07-01 20:38:57 -0500


Started POST "/spare_parts" for 127.0.0.1 at 2014-07-01 20:39:56 -0500
Processing by SparePartsController#create as HTML
  Parameters: {"utf8"=>"✓", "authenticity_token"=>"dr2jKnfdktKAc7T3OhsaJ0U/3akL0X++7TU7HxccImo=", "spare_part"=>{"name"=>"adsfasf", "brand"=>"asdfas", "description"=>"", "carRegion"=>"sf", "parent_id"=>""}, "commit"=>"Guardar"}
Unpermitted parameters: description, carRegion, parent_id
  [1m[36m (0.1ms)[0m  [1mbegin transaction[0m
  [1m[35m (0.0ms)[0m  rollback transaction
  Rendered shared/_errors_messages.html.erb (1.2ms)
  Rendered spare_parts/_form.html.erb (5.5ms)
  Rendered spare_parts/new.html.erb within layouts/application (6.2ms)
Completed 200 OK in 17ms (Views: 13.6ms | ActiveRecord: 0.1ms)


Started GET "/assets/application.css?body=1" for 127.0.0.1 at 2014-07-01 20:39:56 -0500


Started GET "/assets/cars.css?body=1" for 127.0.0.1 at 2014-07-01 20:39:56 -0500


Started GET "/assets/custom.css?body=1" for 127.0.0.1 at 2014-07-01 20:39:56 -0500


Started GET "/assets/spare_parts.css?body=1" for 127.0.0.1 at 2014-07-01 20:39:56 -0500


Started GET "/assets/static_pages.css?body=1" for 127.0.0.1 at 2014-07-01 20:39:56 -0500


Started GET "/assets/users.css?body=1" for 127.0.0.1 at 2014-07-01 20:39:56 -0500


Started GET "/assets/jquery.js?body=1" for 127.0.0.1 at 2014-07-01 20:39:56 -0500


Started GET "/assets/spare_parts.js?body=1" for 127.0.0.1 at 2014-07-01 20:39:56 -0500


Started GET "/assets/jquery_ujs.js?body=1" for 127.0.0.1 at 2014-07-01 20:39:56 -0500


Started GET "/assets/static_pages.js?body=1" for 127.0.0.1 at 2014-07-01 20:39:56 -0500


Started GET "/assets/cars.js?body=1" for 127.0.0.1 at 2014-07-01 20:39:56 -0500


Started GET "/assets/turbolinks.js?body=1" for 127.0.0.1 at 2014-07-01 20:39:56 -0500


Started GET "/assets/application.js?body=1" for 127.0.0.1 at 2014-07-01 20:39:56 -0500


Started GET "/assets/users.js?body=1" for 127.0.0.1 at 2014-07-01 20:39:56 -0500


Started POST "/spare_parts" for 127.0.0.1 at 2014-07-01 20:40:04 -0500
  [1m[36mActiveRecord::SchemaMigration Load (1.8ms)[0m  [1mSELECT "schema_migrations".* FROM "schema_migrations"[0m
Processing by SparePartsController#create as HTML
  Parameters: {"utf8"=>"✓", "authenticity_token"=>"dr2jKnfdktKAc7T3OhsaJ0U/3akL0X++7TU7HxccImo=", "spare_part"=>{"name"=>"adsfasf", "brand"=>"asdfas", "description"=>"", "carRegion"=>"sf", "parent_id"=>""}, "commit"=>"Guardar"}
Unpermitted parameters: description, carRegion, parent_id
  [1m[35m (0.2ms)[0m  begin transaction
  [1m[36m (0.1ms)[0m  [1mrollback transaction[0m
  Rendered shared/_errors_messages.html.erb (1.3ms)
  Rendered spare_parts/_form.html.erb (6.7ms)
  Rendered spare_parts/new.html.erb within layouts/application (11.0ms)
Completed 200 OK in 429ms (Views: 131.5ms | ActiveRecord: 0.7ms)


Started GET "/assets/application.css?body=1" for 127.0.0.1 at 2014-07-01 20:40:04 -0500


Started GET "/assets/cars.css?body=1" for 127.0.0.1 at 2014-07-01 20:40:04 -0500


Started GET "/assets/custom.css?body=1" for 127.0.0.1 at 2014-07-01 20:40:04 -0500


Started GET "/assets/spare_parts.css?body=1" for 127.0.0.1 at 2014-07-01 20:40:05 -0500


Started GET "/assets/static_pages.css?body=1" for 127.0.0.1 at 2014-07-01 20:40:05 -0500


Started GET "/assets/jquery.js?body=1" for 127.0.0.1 at 2014-07-01 20:40:05 -0500


Started GET "/assets/users.css?body=1" for 127.0.0.1 at 2014-07-01 20:40:05 -0500


Started GET "/assets/jquery_ujs.js?body=1" for 127.0.0.1 at 2014-07-01 20:40:05 -0500


Started GET "/assets/turbolinks.js?body=1" for 127.0.0.1 at 2014-07-01 20:40:05 -0500


Started GET "/assets/cars.js?body=1" for 127.0.0.1 at 2014-07-01 20:40:05 -0500


Started GET "/assets/spare_parts.js?body=1" for 127.0.0.1 at 2014-07-01 20:40:05 -0500


Started GET "/assets/static_pages.js?body=1" for 127.0.0.1 at 2014-07-01 20:40:05 -0500


Started GET "/assets/users.js?body=1" for 127.0.0.1 at 2014-07-01 20:40:05 -0500


Started GET "/assets/application.js?body=1" for 127.0.0.1 at 2014-07-01 20:40:05 -0500


Started POST "/spare_parts" for 127.0.0.1 at 2014-07-01 20:40:08 -0500
Processing by SparePartsController#create as HTML
  Parameters: {"utf8"=>"✓", "authenticity_token"=>"dr2jKnfdktKAc7T3OhsaJ0U/3akL0X++7TU7HxccImo=", "spare_part"=>{"name"=>"adsfasf", "brand"=>"asdfas", "description"=>"", "carRegion"=>"asdf", "parent_id"=>""}, "commit"=>"Guardar"}
Unpermitted parameters: description, carRegion, parent_id
  [1m[35m (0.1ms)[0m  begin transaction
  [1m[36m (0.1ms)[0m  [1mrollback transaction[0m
  Rendered shared/_errors_messages.html.erb (1.7ms)
  Rendered spare_parts/_form.html.erb (5.0ms)
  Rendered spare_parts/new.html.erb within layouts/application (5.9ms)
Completed 200 OK in 19ms (Views: 14.4ms | ActiveRecord: 0.2ms)


Started GET "/assets/application.css?body=1" for 127.0.0.1 at 2014-07-01 20:40:08 -0500


Started GET "/assets/cars.css?body=1" for 127.0.0.1 at 2014-07-01 20:40:08 -0500


Started GET "/assets/custom.css?body=1" for 127.0.0.1 at 2014-07-01 20:40:08 -0500


Started GET "/assets/spare_parts.css?body=1" for 127.0.0.1 at 2014-07-01 20:40:08 -0500


Started GET "/assets/static_pages.css?body=1" for 127.0.0.1 at 2014-07-01 20:40:08 -0500


Started GET "/assets/users.css?body=1" for 127.0.0.1 at 2014-07-01 20:40:08 -0500


Started GET "/assets/turbolinks.js?body=1" for 127.0.0.1 at 2014-07-01 20:40:08 -0500


Started GET "/assets/spare_parts.js?body=1" for 127.0.0.1 at 2014-07-01 20:40:08 -0500


Started GET "/assets/jquery.js?body=1" for 127.0.0.1 at 2014-07-01 20:40:08 -0500


Started GET "/assets/jquery_ujs.js?body=1" for 127.0.0.1 at 2014-07-01 20:40:08 -0500


Started GET "/assets/cars.js?body=1" for 127.0.0.1 at 2014-07-01 20:40:08 -0500


Started GET "/assets/static_pages.js?body=1" for 127.0.0.1 at 2014-07-01 20:40:08 -0500


Started GET "/assets/users.js?body=1" for 127.0.0.1 at 2014-07-01 20:40:08 -0500


Started GET "/assets/application.js?body=1" for 127.0.0.1 at 2014-07-01 20:40:08 -0500


Started POST "/spare_parts" for 127.0.0.1 at 2014-07-01 20:41:33 -0500
Processing by SparePartsController#create as HTML
  Parameters: {"utf8"=>"✓", "authenticity_token"=>"dr2jKnfdktKAc7T3OhsaJ0U/3akL0X++7TU7HxccImo=", "spare_part"=>{"name"=>"adsfasf", "brand"=>"asdfas", "description"=>"", "carRegion"=>"asdf", "parent_id"=>""}, "commit"=>"Guardar"}
Unpermitted parameters: description, carRegion, parent_id
  [1m[35m (0.1ms)[0m  begin transaction
  [1m[36m (0.1ms)[0m  [1mrollback transaction[0m
  Rendered shared/_errors_messages.html.erb (1.3ms)
  Rendered spare_parts/_form.html.erb (5.9ms)
  Rendered spare_parts/new.html.erb within layouts/application (7.4ms)
Completed 200 OK in 33ms (Views: 16.9ms | ActiveRecord: 0.7ms)


Started GET "/assets/application.css?body=1" for 127.0.0.1 at 2014-07-01 20:41:33 -0500


Started GET "/assets/cars.css?body=1" for 127.0.0.1 at 2014-07-01 20:41:33 -0500


Started GET "/assets/custom.css?body=1" for 127.0.0.1 at 2014-07-01 20:41:33 -0500


Started GET "/assets/spare_parts.css?body=1" for 127.0.0.1 at 2014-07-01 20:41:33 -0500


Started GET "/assets/static_pages.css?body=1" for 127.0.0.1 at 2014-07-01 20:41:33 -0500


Started GET "/assets/users.css?body=1" for 127.0.0.1 at 2014-07-01 20:41:33 -0500


Started GET "/assets/jquery.js?body=1" for 127.0.0.1 at 2014-07-01 20:41:33 -0500


Started GET "/assets/cars.js?body=1" for 127.0.0.1 at 2014-07-01 20:41:33 -0500


Started GET "/assets/turbolinks.js?body=1" for 127.0.0.1 at 2014-07-01 20:41:33 -0500


Started GET "/assets/static_pages.js?body=1" for 127.0.0.1 at 2014-07-01 20:41:33 -0500


Started GET "/assets/jquery_ujs.js?body=1" for 127.0.0.1 at 2014-07-01 20:41:33 -0500


Started GET "/assets/spare_parts.js?body=1" for 127.0.0.1 at 2014-07-01 20:41:33 -0500


Started GET "/assets/users.js?body=1" for 127.0.0.1 at 2014-07-01 20:41:33 -0500


Started GET "/assets/application.js?body=1" for 127.0.0.1 at 2014-07-01 20:41:33 -0500


Started POST "/spare_parts" for 127.0.0.1 at 2014-07-01 20:41:34 -0500
Processing by SparePartsController#create as HTML
  Parameters: {"utf8"=>"✓", "authenticity_token"=>"dr2jKnfdktKAc7T3OhsaJ0U/3akL0X++7TU7HxccImo=", "spare_part"=>{"name"=>"adsfasf", "brand"=>"asdfas", "description"=>"", "carRegion"=>"", "parent_id"=>""}, "commit"=>"Guardar"}
Unpermitted parameters: description, carRegion, parent_id
  [1m[35m (0.1ms)[0m  begin transaction
  [1m[36m (0.0ms)[0m  [1mrollback transaction[0m
  Rendered shared/_errors_messages.html.erb (1.3ms)
  Rendered spare_parts/_form.html.erb (4.1ms)
  Rendered spare_parts/new.html.erb within layouts/application (4.7ms)
Completed 200 OK in 22ms (Views: 17.9ms | ActiveRecord: 0.1ms)


Started GET "/assets/application.css?body=1" for 127.0.0.1 at 2014-07-01 20:41:34 -0500


Started GET "/assets/cars.css?body=1" for 127.0.0.1 at 2014-07-01 20:41:34 -0500


Started GET "/assets/custom.css?body=1" for 127.0.0.1 at 2014-07-01 20:41:34 -0500


Started GET "/assets/static_pages.css?body=1" for 127.0.0.1 at 2014-07-01 20:41:34 -0500


Started GET "/assets/spare_parts.css?body=1" for 127.0.0.1 at 2014-07-01 20:41:35 -0500


Started GET "/assets/jquery.js?body=1" for 127.0.0.1 at 2014-07-01 20:41:35 -0500


Started GET "/assets/users.css?body=1" for 127.0.0.1 at 2014-07-01 20:41:35 -0500


Started GET "/assets/turbolinks.js?body=1" for 127.0.0.1 at 2014-07-01 20:41:35 -0500


Started GET "/assets/jquery_ujs.js?body=1" for 127.0.0.1 at 2014-07-01 20:41:35 -0500


Started GET "/assets/cars.js?body=1" for 127.0.0.1 at 2014-07-01 20:41:35 -0500


Started GET "/assets/spare_parts.js?body=1" for 127.0.0.1 at 2014-07-01 20:41:35 -0500


Started GET "/assets/static_pages.js?body=1" for 127.0.0.1 at 2014-07-01 20:41:35 -0500


Started GET "/assets/users.js?body=1" for 127.0.0.1 at 2014-07-01 20:41:35 -0500


Started GET "/assets/application.js?body=1" for 127.0.0.1 at 2014-07-01 20:41:35 -0500


Started POST "/spare_parts" for 127.0.0.1 at 2014-07-01 20:41:39 -0500
Processing by SparePartsController#create as HTML
  Parameters: {"utf8"=>"✓", "authenticity_token"=>"dr2jKnfdktKAc7T3OhsaJ0U/3akL0X++7TU7HxccImo=", "spare_part"=>{"name"=>"adsfasf", "brand"=>"asdfas", "description"=>"", "carRegion"=>"asdf", "parent_id"=>""}, "commit"=>"Guardar"}
Unpermitted parameters: description, carRegion, parent_id
  [1m[35m (0.1ms)[0m  begin transaction
  [1m[36m (0.1ms)[0m  [1mrollback transaction[0m
  Rendered shared/_errors_messages.html.erb (0.9ms)
  Rendered spare_parts/_form.html.erb (3.2ms)
  Rendered spare_parts/new.html.erb within layouts/application (4.0ms)
Completed 200 OK in 17ms (Views: 11.9ms | ActiveRecord: 0.2ms)


Started GET "/assets/application.css?body=1" for 127.0.0.1 at 2014-07-01 20:41:39 -0500


Started GET "/assets/cars.css?body=1" for 127.0.0.1 at 2014-07-01 20:41:39 -0500


Started GET "/assets/custom.css?body=1" for 127.0.0.1 at 2014-07-01 20:41:39 -0500


Started GET "/assets/spare_parts.css?body=1" for 127.0.0.1 at 2014-07-01 20:41:39 -0500


Started GET "/assets/static_pages.css?body=1" for 127.0.0.1 at 2014-07-01 20:41:39 -0500


Started GET "/assets/users.css?body=1" for 127.0.0.1 at 2014-07-01 20:41:39 -0500


Started GET "/assets/jquery_ujs.js?body=1" for 127.0.0.1 at 2014-07-01 20:41:39 -0500


Started GET "/assets/jquery.js?body=1" for 127.0.0.1 at 2014-07-01 20:41:39 -0500


Started GET "/assets/cars.js?body=1" for 127.0.0.1 at 2014-07-01 20:41:39 -0500


Started GET "/assets/turbolinks.js?body=1" for 127.0.0.1 at 2014-07-01 20:41:39 -0500


Started GET "/assets/users.js?body=1" for 127.0.0.1 at 2014-07-01 20:41:39 -0500


Started GET "/assets/spare_parts.js?body=1" for 127.0.0.1 at 2014-07-01 20:41:39 -0500


Started GET "/assets/static_pages.js?body=1" for 127.0.0.1 at 2014-07-01 20:41:39 -0500


Started GET "/assets/application.js?body=1" for 127.0.0.1 at 2014-07-01 20:41:39 -0500


Started POST "/spare_parts" for 127.0.0.1 at 2014-07-01 20:41:43 -0500
Processing by SparePartsController#create as HTML
  Parameters: {"utf8"=>"✓", "authenticity_token"=>"dr2jKnfdktKAc7T3OhsaJ0U/3akL0X++7TU7HxccImo=", "spare_part"=>{"name"=>"adsfasf", "brand"=>"asdfas", "description"=>"asdf", "carRegion"=>"sadfas", "parent_id"=>"asdfsad"}, "commit"=>"Guardar"}
Unpermitted parameters: description, carRegion, parent_id
  [1m[35m (0.1ms)[0m  begin transaction
  [1m[36m (0.1ms)[0m  [1mrollback transaction[0m
  Rendered shared/_errors_messages.html.erb (1.1ms)
  Rendered spare_parts/_form.html.erb (3.8ms)
  Rendered spare_parts/new.html.erb within layouts/application (4.6ms)
Completed 200 OK in 63ms (Views: 13.0ms | ActiveRecord: 0.2ms)


Started GET "/assets/application.css?body=1" for 127.0.0.1 at 2014-07-01 20:41:44 -0500


Started GET "/assets/cars.css?body=1" for 127.0.0.1 at 2014-07-01 20:41:44 -0500


Started GET "/assets/custom.css?body=1" for 127.0.0.1 at 2014-07-01 20:41:44 -0500


Started GET "/assets/spare_parts.css?body=1" for 127.0.0.1 at 2014-07-01 20:41:44 -0500


Started GET "/assets/static_pages.css?body=1" for 127.0.0.1 at 2014-07-01 20:41:44 -0500


Started GET "/assets/jquery_ujs.js?body=1" for 127.0.0.1 at 2014-07-01 20:41:44 -0500


Started GET "/assets/users.css?body=1" for 127.0.0.1 at 2014-07-01 20:41:44 -0500


Started GET "/assets/cars.js?body=1" for 127.0.0.1 at 2014-07-01 20:41:44 -0500


Started GET "/assets/jquery.js?body=1" for 127.0.0.1 at 2014-07-01 20:41:44 -0500


Started GET "/assets/turbolinks.js?body=1" for 127.0.0.1 at 2014-07-01 20:41:44 -0500


Started GET "/assets/spare_parts.js?body=1" for 127.0.0.1 at 2014-07-01 20:41:44 -0500


Started GET "/assets/static_pages.js?body=1" for 127.0.0.1 at 2014-07-01 20:41:44 -0500


Started GET "/assets/users.js?body=1" for 127.0.0.1 at 2014-07-01 20:41:44 -0500


Started GET "/assets/application.js?body=1" for 127.0.0.1 at 2014-07-01 20:41:44 -0500


Started POST "/spare_parts" for 127.0.0.1 at 2014-07-01 20:42:26 -0500
Processing by SparePartsController#create as HTML
  Parameters: {"utf8"=>"✓", "authenticity_token"=>"dr2jKnfdktKAc7T3OhsaJ0U/3akL0X++7TU7HxccImo=", "spare_part"=>{"name"=>"adsfasf", "brand"=>"asdfas", "description"=>"asdf", "carRegion"=>"sadfas", "parent_id"=>"asdfsad"}, "commit"=>"Guardar"}
Completed 500 Internal Server Error in 7ms

NameError (undefined local variable or method `spare_part_params' for #<SparePartsController:0x007fe28018e2e0>):
  app/controllers/spare_parts_controller.rb:7:in `create'


  Rendered /Users/abr/.rvm/gems/ruby-2.0.0-p451/gems/actionpack-4.0.5/lib/action_dispatch/middleware/templates/rescues/_source.erb (0.8ms)
  Rendered /Users/abr/.rvm/gems/ruby-2.0.0-p451/gems/actionpack-4.0.5/lib/action_dispatch/middleware/templates/rescues/_trace.erb (1.2ms)
  Rendered /Users/abr/.rvm/gems/ruby-2.0.0-p451/gems/actionpack-4.0.5/lib/action_dispatch/middleware/templates/rescues/_request_and_response.erb (1.7ms)
  Rendered /Users/abr/.rvm/gems/ruby-2.0.0-p451/gems/actionpack-4.0.5/lib/action_dispatch/middleware/templates/rescues/diagnostics.erb within rescues/layout (25.2ms)


Started GET "/spare_parts" for 127.0.0.1 at 2014-07-01 20:42:37 -0500
Processing by SparePartsController#index as HTML
  Rendered spare_parts/index.html.erb within layouts/application (0.4ms)
Completed 200 OK in 9ms (Views: 8.4ms | ActiveRecord: 0.0ms)


Started GET "/assets/application.css?body=1" for 127.0.0.1 at 2014-07-01 20:42:37 -0500


Started GET "/assets/cars.css?body=1" for 127.0.0.1 at 2014-07-01 20:42:37 -0500


Started GET "/assets/custom.css?body=1" for 127.0.0.1 at 2014-07-01 20:42:37 -0500


Started GET "/assets/spare_parts.css?body=1" for 127.0.0.1 at 2014-07-01 20:42:37 -0500


Started GET "/assets/users.css?body=1" for 127.0.0.1 at 2014-07-01 20:42:37 -0500


Started GET "/assets/static_pages.css?body=1" for 127.0.0.1 at 2014-07-01 20:42:37 -0500


Started GET "/assets/jquery.js?body=1" for 127.0.0.1 at 2014-07-01 20:42:37 -0500


Started GET "/assets/spare_parts.js?body=1" for 127.0.0.1 at 2014-07-01 20:42:37 -0500


Started GET "/assets/jquery_ujs.js?body=1" for 127.0.0.1 at 2014-07-01 20:42:38 -0500


Started GET "/assets/cars.js?body=1" for 127.0.0.1 at 2014-07-01 20:42:38 -0500


Started GET "/assets/turbolinks.js?body=1" for 127.0.0.1 at 2014-07-01 20:42:38 -0500


Started GET "/assets/static_pages.js?body=1" for 127.0.0.1 at 2014-07-01 20:42:38 -0500


Started GET "/assets/users.js?body=1" for 127.0.0.1 at 2014-07-01 20:42:38 -0500


Started GET "/assets/application.js?body=1" for 127.0.0.1 at 2014-07-01 20:42:38 -0500


Started GET "/new_spare_part" for 127.0.0.1 at 2014-07-01 20:42:42 -0500
Processing by SparePartsController#new as HTML
  Rendered shared/_errors_messages.html.erb (0.1ms)
  Rendered spare_parts/_form.html.erb (14.2ms)
  Rendered spare_parts/new.html.erb within layouts/application (14.9ms)
Completed 200 OK in 29ms (Views: 22.7ms | ActiveRecord: 0.6ms)


Started GET "/assets/application.css?body=1" for 127.0.0.1 at 2014-07-01 20:42:42 -0500


Started GET "/assets/cars.css?body=1" for 127.0.0.1 at 2014-07-01 20:42:42 -0500


Started GET "/assets/custom.css?body=1" for 127.0.0.1 at 2014-07-01 20:42:42 -0500


Started GET "/assets/spare_parts.css?body=1" for 127.0.0.1 at 2014-07-01 20:42:42 -0500


Started GET "/assets/static_pages.css?body=1" for 127.0.0.1 at 2014-07-01 20:42:42 -0500


Started GET "/assets/users.css?body=1" for 127.0.0.1 at 2014-07-01 20:42:42 -0500


Started GET "/assets/turbolinks.js?body=1" for 127.0.0.1 at 2014-07-01 20:42:42 -0500


Started GET "/assets/jquery_ujs.js?body=1" for 127.0.0.1 at 2014-07-01 20:42:42 -0500


Started GET "/assets/cars.js?body=1" for 127.0.0.1 at 2014-07-01 20:42:42 -0500


Started GET "/assets/jquery.js?body=1" for 127.0.0.1 at 2014-07-01 20:42:42 -0500


Started GET "/assets/static_pages.js?body=1" for 127.0.0.1 at 2014-07-01 20:42:42 -0500


Started GET "/assets/spare_parts.js?body=1" for 127.0.0.1 at 2014-07-01 20:42:42 -0500


Started GET "/assets/users.js?body=1" for 127.0.0.1 at 2014-07-01 20:42:42 -0500


Started GET "/assets/application.js?body=1" for 127.0.0.1 at 2014-07-01 20:42:42 -0500


Started GET "/new_spare_part" for 127.0.0.1 at 2014-07-01 20:43:22 -0500
Processing by SparePartsController#new as HTML
  Rendered shared/_errors_messages.html.erb (0.1ms)
  Rendered spare_parts/_form.html.erb (10.8ms)
  Rendered spare_parts/new.html.erb within layouts/application (11.5ms)
Completed 200 OK in 26ms (Views: 19.0ms | ActiveRecord: 0.6ms)


Started GET "/assets/application.css?body=1" for 127.0.0.1 at 2014-07-01 20:43:22 -0500


Started GET "/assets/cars.css?body=1" for 127.0.0.1 at 2014-07-01 20:43:22 -0500


Started GET "/assets/custom.css?body=1" for 127.0.0.1 at 2014-07-01 20:43:22 -0500


Started GET "/assets/spare_parts.css?body=1" for 127.0.0.1 at 2014-07-01 20:43:22 -0500


Started GET "/assets/static_pages.css?body=1" for 127.0.0.1 at 2014-07-01 20:43:22 -0500


Started GET "/assets/users.css?body=1" for 127.0.0.1 at 2014-07-01 20:43:22 -0500


Started GET "/assets/cars.js?body=1" for 127.0.0.1 at 2014-07-01 20:43:22 -0500


Started GET "/assets/spare_parts.js?body=1" for 127.0.0.1 at 2014-07-01 20:43:22 -0500


Started GET "/assets/jquery.js?body=1" for 127.0.0.1 at 2014-07-01 20:43:22 -0500


Started GET "/assets/turbolinks.js?body=1" for 127.0.0.1 at 2014-07-01 20:43:22 -0500


Started GET "/assets/jquery_ujs.js?body=1" for 127.0.0.1 at 2014-07-01 20:43:22 -0500


Started GET "/assets/static_pages.js?body=1" for 127.0.0.1 at 2014-07-01 20:43:22 -0500


Started GET "/assets/users.js?body=1" for 127.0.0.1 at 2014-07-01 20:43:22 -0500


Started GET "/assets/application.js?body=1" for 127.0.0.1 at 2014-07-01 20:43:22 -0500


Started POST "/spare_parts" for 127.0.0.1 at 2014-07-01 20:43:26 -0500
Processing by SparePartsController#create as HTML
  Parameters: {"utf8"=>"✓", "authenticity_token"=>"dr2jKnfdktKAc7T3OhsaJ0U/3akL0X++7TU7HxccImo=", "spare_part"=>{"name"=>"asdf", "brand"=>"adsf", "description"=>"asdf", "carRegion"=>"adsf", "parent_id"=>"asdf"}, "commit"=>"Guardar"}
Unpermitted parameters: parent_id
  [1m[35m (0.1ms)[0m  begin transaction
  [1m[36mSQL (7.3ms)[0m  [1mINSERT INTO "spare_parts" ("brand", "carRegion", "created_at", "description", "name", "updated_at") VALUES (?, ?, ?, ?, ?, ?)[0m  [["brand", "adsf"], ["carRegion", "adsf"], ["created_at", Wed, 02 Jul 2014 01:43:26 UTC +00:00], ["description", "asdf"], ["name", "asdf"], ["updated_at", Wed, 02 Jul 2014 01:43:26 UTC +00:00]]
  [1m[35m (1.0ms)[0m  commit transaction
  Rendered spare_parts/index.html.erb within layouts/application (0.1ms)
Completed 200 OK in 28ms (Views: 14.4ms | ActiveRecord: 8.3ms)


Started GET "/assets/application.css?body=1" for 127.0.0.1 at 2014-07-01 20:43:26 -0500


Started GET "/assets/cars.css?body=1" for 127.0.0.1 at 2014-07-01 20:43:26 -0500


Started GET "/assets/custom.css?body=1" for 127.0.0.1 at 2014-07-01 20:43:26 -0500


Started GET "/assets/spare_parts.css?body=1" for 127.0.0.1 at 2014-07-01 20:43:26 -0500


Started GET "/assets/static_pages.css?body=1" for 127.0.0.1 at 2014-07-01 20:43:26 -0500


Started GET "/assets/users.css?body=1" for 127.0.0.1 at 2014-07-01 20:43:26 -0500


Started GET "/assets/jquery_ujs.js?body=1" for 127.0.0.1 at 2014-07-01 20:43:26 -0500


Started GET "/assets/cars.js?body=1" for 127.0.0.1 at 2014-07-01 20:43:26 -0500


Started GET "/assets/jquery.js?body=1" for 127.0.0.1 at 2014-07-01 20:43:26 -0500


Started GET "/assets/spare_parts.js?body=1" for 127.0.0.1 at 2014-07-01 20:43:26 -0500


Started GET "/assets/turbolinks.js?body=1" for 127.0.0.1 at 2014-07-01 20:43:26 -0500


Started GET "/assets/static_pages.js?body=1" for 127.0.0.1 at 2014-07-01 20:43:26 -0500


Started GET "/assets/application.js?body=1" for 127.0.0.1 at 2014-07-01 20:43:26 -0500


Started GET "/assets/users.js?body=1" for 127.0.0.1 at 2014-07-01 20:43:26 -0500


Started GET "/new_spare_part" for 127.0.0.1 at 2014-07-01 20:54:37 -0500
Processing by SparePartsController#new as HTML
  Rendered shared/_errors_messages.html.erb (0.1ms)
  Rendered spare_parts/_form.html.erb (2.6ms)
  Rendered spare_parts/new.html.erb within layouts/application (3.2ms)
Completed 200 OK in 12ms (Views: 10.7ms | ActiveRecord: 0.0ms)


Started GET "/assets/application.css?body=1" for 127.0.0.1 at 2014-07-01 20:54:37 -0500


Started GET "/assets/cars.css?body=1" for 127.0.0.1 at 2014-07-01 20:54:37 -0500


Started GET "/assets/custom.css?body=1" for 127.0.0.1 at 2014-07-01 20:54:37 -0500


Started GET "/assets/spare_parts.css?body=1" for 127.0.0.1 at 2014-07-01 20:54:37 -0500


Started GET "/assets/static_pages.css?body=1" for 127.0.0.1 at 2014-07-01 20:54:37 -0500


Started GET "/assets/users.css?body=1" for 127.0.0.1 at 2014-07-01 20:54:37 -0500


Started GET "/assets/jquery.js?body=1" for 127.0.0.1 at 2014-07-01 20:54:37 -0500


Started GET "/assets/static_pages.js?body=1" for 127.0.0.1 at 2014-07-01 20:54:37 -0500


Started GET "/assets/spare_parts.js?body=1" for 127.0.0.1 at 2014-07-01 20:54:37 -0500


Started GET "/assets/cars.js?body=1" for 127.0.0.1 at 2014-07-01 20:54:37 -0500


Started GET "/assets/turbolinks.js?body=1" for 127.0.0.1 at 2014-07-01 20:54:37 -0500


Started GET "/assets/application.js?body=1" for 127.0.0.1 at 2014-07-01 20:54:37 -0500


Started GET "/assets/users.js?body=1" for 127.0.0.1 at 2014-07-01 20:54:37 -0500


Started GET "/assets/jquery_ujs.js?body=1" for 127.0.0.1 at 2014-07-01 20:54:37 -0500
